<?xml version="1.0" encoding="utf-8"?>
<CoverageSession xmlns:xsd="http://www.w3.org/2001/XMLSchema" xmlns:xsi="http://www.w3.org/2001/XMLSchema-instance">
  <Summary numSequencePoints="514" visitedSequencePoints="80" numBranchPoints="174" visitedBranchPoints="32" sequenceCoverage="15.56" branchCoverage="18.39" maxCyclomaticComplexity="8" minCyclomaticComplexity="1" visitedClasses="6" numClasses="22" visitedMethods="21" numMethods="128" />
  <Modules>
    <Module skippedDueTo="Filter" hash="7F-4E-EA-3B-6F-54-D3-91-5E-FE-62-68-9E-42-98-12-3C-7D-D8-12">
      <ModulePath>C:\WINDOWS\Microsoft.Net\assembly\GAC_64\mscorlib\v4.0_4.0.0.0__b77a5c561934e089\mscorlib.dll</ModulePath>
      <ModuleTime>2016-07-16T11:43:57.1242712Z</ModuleTime>
      <ModuleName>mscorlib</ModuleName>
      <Classes />
    </Module>
    <Module skippedDueTo="Filter" hash="C9-73-ED-04-00-C6-51-60-27-F2-A0-0B-90-05-B8-86-6E-DB-6B-00">
      <ModulePath>C:\DEV\INVESTIGATE\GIT\CoverageDiff\packages\xunit.runner.console.2.1.0\tools\xunit.console.exe</ModulePath>
      <ModuleTime>2016-12-06T09:34:14.2768478Z</ModuleTime>
      <ModuleName>xunit.console</ModuleName>
      <Classes />
    </Module>
    <Module skippedDueTo="Filter" hash="2C-BE-1B-C3-02-35-ED-A0-CC-7C-AB-BA-F1-C5-8D-DE-79-03-01-9A">
      <ModulePath>C:\DEV\INVESTIGATE\GIT\CoverageDiff\packages\xunit.runner.console.2.1.0\tools\xunit.runner.utility.desktop.dll</ModulePath>
      <ModuleTime>2016-12-06T09:34:14.3378664Z</ModuleTime>
      <ModuleName>xunit.runner.utility.desktop</ModuleName>
      <Classes />
    </Module>
    <Module skippedDueTo="Filter" hash="9E-A9-5D-7F-86-82-4D-02-7D-07-AD-C0-17-06-5D-73-8F-1F-28-44">
      <ModulePath>C:\DEV\INVESTIGATE\GIT\CoverageDiff\packages\xunit.runner.console.2.1.0\tools\xunit.abstractions.dll</ModulePath>
      <ModuleTime>2016-12-06T09:34:14.2516122Z</ModuleTime>
      <ModuleName>xunit.abstractions</ModuleName>
      <Classes />
    </Module>
    <Module skippedDueTo="Filter" hash="E5-DE-BE-E6-36-3A-18-9D-19-75-10-62-04-4B-5A-43-5C-48-C4-34">
      <ModulePath>C:\WINDOWS\Microsoft.Net\assembly\GAC_MSIL\System.Core\v4.0_4.0.0.0__b77a5c561934e089\System.Core.dll</ModulePath>
      <ModuleTime>2016-07-16T11:43:57.1711464Z</ModuleTime>
      <ModuleName>System.Core</ModuleName>
      <Classes />
    </Module>
    <Module skippedDueTo="Filter" hash="AA-84-EA-4A-FD-23-17-44-E5-3B-73-2A-3D-B6-0E-17-EE-E1-53-6A">
      <ModulePath>C:\DEV\INVESTIGATE\GIT\CoverageDiff\packages\xunit.runner.console.2.1.0\tools\xunit.runner.reporters.desktop.dll</ModulePath>
      <ModuleTime>2016-12-06T09:34:14.3248315Z</ModuleTime>
      <ModuleName>xunit.runner.reporters.desktop</ModuleName>
      <Classes />
    </Module>
    <Module skippedDueTo="Filter" hash="10-57-A7-EF-79-9A-41-A9-99-64-D8-4D-FD-F3-F2-D8-DF-89-08-EC">
      <ModulePath>C:\WINDOWS\Microsoft.Net\assembly\GAC_MSIL\System.Net.Http\v4.0_4.0.0.0__b03f5f7f11d50a3a\System.Net.Http.dll</ModulePath>
      <ModuleTime>2016-07-16T11:43:55.5773993Z</ModuleTime>
      <ModuleName>System.Net.Http</ModuleName>
      <Classes />
    </Module>
    <Module skippedDueTo="Filter" hash="2F-06-CB-9E-45-EB-3F-7A-7A-0E-09-BA-75-25-0C-EF-AA-90-8E-2B">
      <ModulePath>C:\WINDOWS\Microsoft.Net\assembly\GAC_MSIL\System\v4.0_4.0.0.0__b77a5c561934e089\System.dll</ModulePath>
      <ModuleTime>2016-07-16T11:43:55.5461496Z</ModuleTime>
      <ModuleName>System</ModuleName>
      <Classes />
    </Module>
    <Module skippedDueTo="Filter" hash="55-AD-EE-D1-1C-53-49-75-E3-88-58-79-CF-B4-C2-5D-9B-C6-56-C1">
      <ModulePath>C:\WINDOWS\Microsoft.Net\assembly\GAC_64\System.Web\v4.0_4.0.0.0__b03f5f7f11d50a3a\System.Web.dll</ModulePath>
      <ModuleTime>2016-07-16T11:43:59.421142Z</ModuleTime>
      <ModuleName>System.Web</ModuleName>
      <Classes />
    </Module>
    <Module skippedDueTo="Filter" hash="83-29-FE-C7-E7-7A-90-21-8F-92-A4-B2-93-EC-A9-9B-7E-10-7C-E5">
      <ModulePath>C:\WINDOWS\Microsoft.Net\assembly\GAC_MSIL\System.Xml.Linq\v4.0_4.0.0.0__b77a5c561934e089\System.Xml.Linq.dll</ModulePath>
      <ModuleTime>2016-07-16T11:43:57.0930219Z</ModuleTime>
      <ModuleName>System.Xml.Linq</ModuleName>
      <Classes />
    </Module>
    <Module skippedDueTo="Filter" hash="88-45-F0-9C-3C-9F-72-79-CB-6A-82-FA-D7-DB-C3-4A-59-80-3C-6B">
      <ModulePath>C:\WINDOWS\Microsoft.Net\assembly\GAC_MSIL\System.Xml\v4.0_4.0.0.0__b77a5c561934e089\System.Xml.dll</ModulePath>
      <ModuleTime>2016-07-16T11:43:55.4992744Z</ModuleTime>
      <ModuleName>System.Xml</ModuleName>
      <Classes />
    </Module>
    <Module skippedDueTo="Filter" hash="34-A3-5D-67-8E-E7-DB-60-FE-97-F3-BD-D4-E7-40-6B-00-DA-51-C8">
      <ModulePath>C:\WINDOWS\Microsoft.Net\assembly\GAC_MSIL\System.Configuration\v4.0_4.0.0.0__b03f5f7f11d50a3a\System.Configuration.dll</ModulePath>
      <ModuleTime>2016-07-16T11:43:53.9992781Z</ModuleTime>
      <ModuleName>System.Configuration</ModuleName>
      <Classes />
    </Module>
    <Module skippedDueTo="MissingPdb" hash="">
      <ModulePath>RefEmit_InMemoryManifestModule</ModulePath>
      <ModuleTime>0001-01-01T00:00:00</ModuleTime>
      <ModuleName>Anonymously Hosted DynamicMethods Assembly</ModuleName>
      <Classes />
    </Module>
    <Module skippedDueTo="Filter" hash="82-31-26-22-B3-DE-F4-4A-BA-87-D1-E7-54-65-3B-0F-14-FF-02-1A">
      <ModulePath>C:\DEV\INVESTIGATE\GIT\CoverageDiff\CoverageDiff.Tests\bin\Debug\CoverageDiff.Tests.dll</ModulePath>
      <ModuleTime>2017-01-02T03:16:21.2436394Z</ModuleTime>
      <ModuleName>CoverageDiff.Tests</ModuleName>
      <Classes />
      <TrackedMethods>
        <TrackedMethod uid="1" token="100663298" name="System.Void CoverageDiff.Tests.Source.OpenCoverFilterTests::TestInitial()" strategy="xUnitTest" />
      </TrackedMethods>
    </Module>
    <Module skippedDueTo="Filter" hash="51-60-07-3A-41-C0-01-C6-0C-80-56-7D-83-63-89-31-36-5F-A9-FE">
      <ModulePath>C:\Users\SESA96042\AppData\Local\Temp\102d9b4a-5d6d-4ca1-8f8c-8ed03def2788\102d9b4a-5d6d-4ca1-8f8c-8ed03def2788\assembly\dl3\755caa82\00429b52_fff8d001\xunit.execution.desktop.dll</ModulePath>
      <ModuleTime>2017-01-02T04:01:40.5057812Z</ModuleTime>
      <ModuleName>xunit.execution.desktop</ModuleName>
      <Classes />
    </Module>
    <Module skippedDueTo="Filter" hash="9F-06-B1-CA-CB-A0-C1-4D-45-F5-AA-8F-72-C0-DF-0F-F4-EF-29-CF">
      <ModulePath>C:\Users\SESA96042\AppData\Local\Temp\102d9b4a-5d6d-4ca1-8f8c-8ed03def2788\102d9b4a-5d6d-4ca1-8f8c-8ed03def2788\assembly\dl3\d74f2b94\00156a51_fff8d001\xunit.core.dll</ModulePath>
      <ModuleTime>2017-01-02T04:01:40.6922906Z</ModuleTime>
      <ModuleName>xunit.core</ModuleName>
      <Classes />
    </Module>
    <Module skippedDueTo="Filter" hash="80-F1-27-EE-EC-CF-73-80-64-F1-24-F4-EB-2A-0A-95-BF-DA-78-B6">
      <ModulePath>C:\WINDOWS\Microsoft.Net\assembly\GAC_MSIL\System.Runtime\v4.0_4.0.0.0__b03f5f7f11d50a3a\System.Runtime.dll</ModulePath>
      <ModuleTime>2016-07-16T11:43:55.5773993Z</ModuleTime>
      <ModuleName>System.Runtime</ModuleName>
      <Classes />
    </Module>
    <Module skippedDueTo="Filter" hash="FB-A8-28-7E-D3-81-DD-16-9A-F4-F7-07-E9-F1-48-3B-6D-E4-C2-4E">
      <ModulePath>C:\WINDOWS\Microsoft.Net\assembly\GAC_MSIL\System.Threading.Tasks\v4.0_4.0.0.0__b03f5f7f11d50a3a\System.Threading.Tasks.dll</ModulePath>
      <ModuleTime>2016-07-16T11:43:53.8586529Z</ModuleTime>
      <ModuleName>System.Threading.Tasks</ModuleName>
      <Classes />
    </Module>
    <Module skippedDueTo="Filter" hash="B0-27-34-ED-41-E0-9C-53-37-4D-FB-B4-60-39-84-52-AC-FB-A6-85">
      <ModulePath>C:\WINDOWS\Microsoft.Net\assembly\GAC_MSIL\System.Collections\v4.0_4.0.0.0__b03f5f7f11d50a3a\System.Collections.dll</ModulePath>
      <ModuleTime>2016-07-16T11:43:57.3273959Z</ModuleTime>
      <ModuleName>System.Collections</ModuleName>
      <Classes />
    </Module>
    <Module skippedDueTo="Filter" hash="B2-11-5E-89-83-9D-0A-0D-23-E4-5D-74-82-C4-B6-C6-85-B6-93-AA">
      <ModulePath>C:\WINDOWS\Microsoft.Net\assembly\GAC_MSIL\System.Linq\v4.0_4.0.0.0__b03f5f7f11d50a3a\System.Linq.dll</ModulePath>
      <ModuleTime>2016-07-16T11:43:55.6555243Z</ModuleTime>
      <ModuleName>System.Linq</ModuleName>
      <Classes />
    </Module>
    <Module hash="F2-F9-50-14-13-30-52-62-AC-56-04-05-65-A5-3B-22-D7-34-3F-B5">
      <Summary numSequencePoints="514" visitedSequencePoints="80" numBranchPoints="174" visitedBranchPoints="32" sequenceCoverage="15.56" branchCoverage="18.39" maxCyclomaticComplexity="8" minCyclomaticComplexity="1" visitedClasses="6" numClasses="22" visitedMethods="21" numMethods="128" />
      <ModulePath>C:\Users\SESA96042\AppData\Local\Temp\102d9b4a-5d6d-4ca1-8f8c-8ed03def2788\102d9b4a-5d6d-4ca1-8f8c-8ed03def2788\assembly\dl3\0af75e32\9396e685_605cd201\CoverageDiff.exe</ModulePath>
      <ModuleTime>2017-01-02T04:01:41.357322Z</ModuleTime>
      <ModuleName>CoverageDiff</ModuleName>
      <Files>
        <File uid="1" fullPath="C:\DEV\INVESTIGATE\GIT\CoverageDiff\CoverageDiff\Source\DiffCommand.cs" />
        <File uid="2" fullPath="C:\DEV\INVESTIGATE\GIT\CoverageDiff\CoverageDiff\Source\Helpers\Comparer2{T}.cs" />
        <File uid="3" fullPath="C:\DEV\INVESTIGATE\GIT\CoverageDiff\CoverageDiff\Source\Helpers\DictionaryEnumerator{TKey,TValue}.cs" />
        <File uid="4" fullPath="C:\DEV\INVESTIGATE\GIT\CoverageDiff\CoverageDiff\Source\Helpers\Extensions.cs" />
        <File uid="5" fullPath="C:\DEV\INVESTIGATE\GIT\CoverageDiff\CoverageDiff\Source\Helpers\KeyedCollection2{TKey,TItem}.cs" />
        <File uid="9" fullPath="C:\DEV\INVESTIGATE\GIT\CoverageDiff\CoverageDiff\Source\SourceLine.cs" />
        <File uid="10" fullPath="C:\DEV\INVESTIGATE\GIT\CoverageDiff\CoverageDiff\Source\Helpers\OrderedDictionary.cs" />
        <File uid="14" fullPath="C:\DEV\INVESTIGATE\GIT\CoverageDiff\CoverageDiff\Source\OpenCoverFilter.cs" />
        <File uid="18" fullPath="C:\DEV\INVESTIGATE\GIT\CoverageDiff\CoverageDiff\Source\Program.cs" />
        <File uid="20" fullPath="C:\DEV\INVESTIGATE\GIT\CoverageDiff\CoverageDiff\Source\UnifiedDiffFileReader.cs" />
      </Files>
      <Classes>
        <Class skippedDueTo="Filter">
          <FullName>&lt;Module&gt;</FullName>
          <Methods />
        </Class>
        <Class skippedDueTo="Filter">
          <FullName>&lt;&gt;f__AnonymousType0`2</FullName>
          <Methods />
        </Class>
        <Class>
          <Summary numSequencePoints="13" visitedSequencePoints="0" numBranchPoints="2" visitedBranchPoints="0" sequenceCoverage="0" branchCoverage="0" maxCyclomaticComplexity="2" minCyclomaticComplexity="1" visitedClasses="0" numClasses="1" visitedMethods="0" numMethods="2" />
          <FullName>CoverageDiff.DiffCommand</FullName>
          <Methods>
            <Method skippedDueTo="AutoImplementedProperty" visited="false" cyclomaticComplexity="1" nPathComplexity="0" sequenceCoverage="0" branchCoverage="0" isConstructor="false" isStatic="false" isGetter="true" isSetter="false">
              <MetadataToken>100663303</MetadataToken>
              <Name>System.String CoverageDiff.DiffCommand::get_CoverageFile()</Name>
              <FileRef uid="1" />
              <SequencePoints />
              <BranchPoints />
            </Method>
            <Method skippedDueTo="AutoImplementedProperty" visited="false" cyclomaticComplexity="1" nPathComplexity="0" sequenceCoverage="0" branchCoverage="0" isConstructor="false" isStatic="false" isGetter="false" isSetter="true">
              <MetadataToken>100663304</MetadataToken>
              <Name>System.Void CoverageDiff.DiffCommand::set_CoverageFile(System.String)</Name>
              <FileRef uid="1" />
              <SequencePoints />
              <BranchPoints />
            </Method>
            <Method skippedDueTo="AutoImplementedProperty" visited="false" cyclomaticComplexity="1" nPathComplexity="0" sequenceCoverage="0" branchCoverage="0" isConstructor="false" isStatic="false" isGetter="true" isSetter="false">
              <MetadataToken>100663305</MetadataToken>
              <Name>System.String CoverageDiff.DiffCommand::get_DiffFile()</Name>
              <FileRef uid="1" />
              <SequencePoints />
              <BranchPoints />
            </Method>
            <Method skippedDueTo="AutoImplementedProperty" visited="false" cyclomaticComplexity="1" nPathComplexity="0" sequenceCoverage="0" branchCoverage="0" isConstructor="false" isStatic="false" isGetter="false" isSetter="true">
              <MetadataToken>100663306</MetadataToken>
              <Name>System.Void CoverageDiff.DiffCommand::set_DiffFile(System.String)</Name>
              <FileRef uid="1" />
              <SequencePoints />
              <BranchPoints />
            </Method>
            <Method skippedDueTo="AutoImplementedProperty" visited="false" cyclomaticComplexity="1" nPathComplexity="0" sequenceCoverage="0" branchCoverage="0" isConstructor="false" isStatic="false" isGetter="true" isSetter="false">
              <MetadataToken>100663307</MetadataToken>
              <Name>System.String CoverageDiff.DiffCommand::get_OutputFile()</Name>
              <FileRef uid="1" />
              <SequencePoints />
              <BranchPoints />
            </Method>
            <Method skippedDueTo="AutoImplementedProperty" visited="false" cyclomaticComplexity="1" nPathComplexity="0" sequenceCoverage="0" branchCoverage="0" isConstructor="false" isStatic="false" isGetter="false" isSetter="true">
              <MetadataToken>100663308</MetadataToken>
              <Name>System.Void CoverageDiff.DiffCommand::set_OutputFile(System.String)</Name>
              <FileRef uid="1" />
              <SequencePoints />
              <BranchPoints />
            </Method>
            <Method visited="false" cyclomaticComplexity="2" nPathComplexity="0" sequenceCoverage="0" branchCoverage="0" isConstructor="false" isStatic="false" isGetter="false" isSetter="false">
              <Summary numSequencePoints="12" visitedSequencePoints="0" numBranchPoints="1" visitedBranchPoints="0" sequenceCoverage="0" branchCoverage="0" maxCyclomaticComplexity="2" minCyclomaticComplexity="2" visitedClasses="0" numClasses="0" visitedMethods="0" numMethods="1" />
              <MetadataToken>100663309</MetadataToken>
              <Name>System.Int32 CoverageDiff.DiffCommand::Run()</Name>
              <FileRef uid="1" />
              <SequencePoints>
                <SequencePoint vc="0" uspid="1" ordinal="0" offset="0" sl="19" sc="9" el="19" ec="10" bec="0" bev="0" fileid="1" />
                <SequencePoint vc="0" uspid="2" ordinal="1" offset="1" sl="21" sc="13" el="21" ec="14" bec="0" bev="0" fileid="1" />
                <SequencePoint vc="0" uspid="3" ordinal="2" offset="2" sl="23" sc="17" el="23" ec="87" bec="0" bev="0" fileid="1" />
                <SequencePoint vc="0" uspid="4" ordinal="3" offset="19" sl="26" sc="17" el="26" ec="52" bec="0" bev="0" fileid="1" />
                <SequencePoint vc="0" uspid="5" ordinal="4" offset="25" sl="27" sc="17" el="27" ec="69" bec="0" bev="0" fileid="1" />
                <SequencePoint vc="0" uspid="6" ordinal="5" offset="47" sl="28" sc="17" el="28" ec="75" bec="0" bev="0" fileid="1" />
                <SequencePoint vc="0" uspid="7" ordinal="6" offset="62" sl="30" sc="17" el="30" ec="26" bec="0" bev="0" fileid="1" />
                <SequencePoint vc="0" uspid="8" ordinal="7" offset="66" sl="32" sc="13" el="32" ec="33" bec="0" bev="0" fileid="1" />
                <SequencePoint vc="0" uspid="9" ordinal="8" offset="68" sl="33" sc="13" el="33" ec="14" bec="0" bev="0" fileid="1" />
                <SequencePoint vc="0" uspid="10" ordinal="9" offset="69" sl="34" sc="17" el="34" ec="47" bec="0" bev="0" fileid="1" />
                <SequencePoint vc="0" uspid="11" ordinal="10" offset="82" sl="35" sc="17" el="35" ec="26" bec="0" bev="0" fileid="1" />
                <SequencePoint vc="0" uspid="12" ordinal="11" offset="86" sl="37" sc="9" el="37" ec="10" bec="0" bev="0" fileid="1" />
              </SequencePoints>
              <BranchPoints />
              <MethodPoint xsi:type="SequencePoint" vc="0" uspid="1" ordinal="0" offset="0" sl="19" sc="9" el="19" ec="10" bec="0" bev="0" fileid="1" />
            </Method>
            <Method visited="false" cyclomaticComplexity="1" nPathComplexity="0" sequenceCoverage="0" branchCoverage="0" isConstructor="false" isStatic="true" isGetter="false" isSetter="false">
              <Summary numSequencePoints="1" visitedSequencePoints="0" numBranchPoints="1" visitedBranchPoints="0" sequenceCoverage="0" branchCoverage="0" maxCyclomaticComplexity="1" minCyclomaticComplexity="1" visitedClasses="0" numClasses="0" visitedMethods="0" numMethods="1" />
              <MetadataToken>100663310</MetadataToken>
              <Name>System.String CoverageDiff.DiffCommand::SuffixDiff(System.String)</Name>
              <FileRef uid="1" />
              <SequencePoints>
                <SequencePoint vc="0" uspid="15" ordinal="0" offset="0" sl="40" sc="16" el="40" ec="62" bec="0" bev="0" fileid="1" />
              </SequencePoints>
              <BranchPoints />
              <MethodPoint xsi:type="SequencePoint" vc="0" uspid="15" ordinal="0" offset="0" sl="40" sc="16" el="40" ec="62" bec="0" bev="0" fileid="1" />
            </Method>
            <Method visited="false" cyclomaticComplexity="1" nPathComplexity="0" sequenceCoverage="0" branchCoverage="0" isConstructor="true" isStatic="false" isGetter="false" isSetter="false">
              <Summary numSequencePoints="0" visitedSequencePoints="0" numBranchPoints="0" visitedBranchPoints="0" sequenceCoverage="0" branchCoverage="0" maxCyclomaticComplexity="1" minCyclomaticComplexity="1" visitedClasses="0" numClasses="0" visitedMethods="0" numMethods="0" />
              <MetadataToken>100663311</MetadataToken>
              <Name>System.Void CoverageDiff.DiffCommand::.ctor()</Name>
              <SequencePoints />
              <BranchPoints />
              <MethodPoint vc="0" uspid="16" ordinal="0" offset="0" />
            </Method>
          </Methods>
        </Class>
        <Class>
          <Summary numSequencePoints="10" visitedSequencePoints="0" numBranchPoints="4" visitedBranchPoints="0" sequenceCoverage="0" branchCoverage="0" maxCyclomaticComplexity="2" minCyclomaticComplexity="1" visitedClasses="0" numClasses="1" visitedMethods="0" numMethods="2" />
          <FullName>CoverageDiff.Comparer2`1</FullName>
          <Methods>
            <Method visited="false" cyclomaticComplexity="2" nPathComplexity="2" sequenceCoverage="0" branchCoverage="0" isConstructor="true" isStatic="false" isGetter="false" isSetter="false">
              <Summary numSequencePoints="7" visitedSequencePoints="0" numBranchPoints="3" visitedBranchPoints="0" sequenceCoverage="0" branchCoverage="0" maxCyclomaticComplexity="2" minCyclomaticComplexity="2" visitedClasses="0" numClasses="0" visitedMethods="0" numMethods="1" />
              <MetadataToken>100663312</MetadataToken>
              <Name>System.Void CoverageDiff.Comparer2`1::.ctor(System.Comparison`1&lt;T&gt;)</Name>
              <FileRef uid="2" />
              <SequencePoints>
                <SequencePoint vc="0" uspid="17" ordinal="0" offset="0" sl="10" sc="9" el="10" ec="51" bec="0" bev="0" fileid="2" />
                <SequencePoint vc="0" uspid="18" ordinal="1" offset="7" sl="11" sc="9" el="11" ec="10" bec="0" bev="0" fileid="2" />
                <SequencePoint vc="0" uspid="19" ordinal="2" offset="8" sl="12" sc="13" el="12" ec="36" bec="2" bev="0" fileid="2" />
                <SequencePoint vc="0" uspid="20" ordinal="3" offset="16" sl="13" sc="13" el="13" ec="14" bec="0" bev="0" fileid="2" />
                <SequencePoint vc="0" uspid="21" ordinal="4" offset="17" sl="14" sc="17" el="14" ec="63" bec="0" bev="0" fileid="2" />
                <SequencePoint vc="0" uspid="22" ordinal="5" offset="28" sl="17" sc="13" el="17" ec="42" bec="0" bev="0" fileid="2" />
                <SequencePoint vc="0" uspid="23" ordinal="6" offset="35" sl="18" sc="9" el="18" ec="10" bec="0" bev="0" fileid="2" />
              </SequencePoints>
              <BranchPoints>
                <BranchPoint vc="0" uspid="24" ordinal="0" offset="14" sl="12" path="0" offsetend="16" fileid="2" />
                <BranchPoint vc="0" uspid="25" ordinal="1" offset="14" sl="12" path="1" offsetend="28" fileid="2" />
              </BranchPoints>
              <MethodPoint xsi:type="SequencePoint" vc="0" uspid="17" ordinal="0" offset="0" sl="10" sc="9" el="10" ec="51" bec="0" bev="0" fileid="2" />
            </Method>
            <Method visited="false" cyclomaticComplexity="1" nPathComplexity="0" sequenceCoverage="0" branchCoverage="0" isConstructor="false" isStatic="false" isGetter="false" isSetter="false">
              <Summary numSequencePoints="3" visitedSequencePoints="0" numBranchPoints="1" visitedBranchPoints="0" sequenceCoverage="0" branchCoverage="0" maxCyclomaticComplexity="1" minCyclomaticComplexity="1" visitedClasses="0" numClasses="0" visitedMethods="0" numMethods="1" />
              <MetadataToken>100663313</MetadataToken>
              <Name>System.Int32 CoverageDiff.Comparer2`1::Compare(T,T)</Name>
              <FileRef uid="2" />
              <SequencePoints>
                <SequencePoint vc="0" uspid="26" ordinal="0" offset="0" sl="21" sc="9" el="21" ec="10" bec="0" bev="0" fileid="2" />
                <SequencePoint vc="0" uspid="27" ordinal="1" offset="1" sl="22" sc="13" el="22" ec="48" bec="0" bev="0" fileid="2" />
                <SequencePoint vc="0" uspid="28" ordinal="2" offset="17" sl="23" sc="9" el="23" ec="10" bec="0" bev="0" fileid="2" />
              </SequencePoints>
              <BranchPoints />
              <MethodPoint xsi:type="SequencePoint" vc="0" uspid="26" ordinal="0" offset="0" sl="21" sc="9" el="21" ec="10" bec="0" bev="0" fileid="2" />
            </Method>
          </Methods>
        </Class>
        <Class>
          <Summary numSequencePoints="14" visitedSequencePoints="0" numBranchPoints="8" visitedBranchPoints="0" sequenceCoverage="0" branchCoverage="0" maxCyclomaticComplexity="1" minCyclomaticComplexity="1" visitedClasses="0" numClasses="1" visitedMethods="0" numMethods="8" />
          <FullName>CoverageDiff.DictionaryEnumerator`2</FullName>
          <Methods>
            <Method visited="false" cyclomaticComplexity="1" nPathComplexity="0" sequenceCoverage="0" branchCoverage="0" isConstructor="false" isStatic="false" isGetter="true" isSetter="false">
              <Summary numSequencePoints="4" visitedSequencePoints="0" numBranchPoints="1" visitedBranchPoints="0" sequenceCoverage="0" branchCoverage="0" maxCyclomaticComplexity="1" minCyclomaticComplexity="1" visitedClasses="0" numClasses="0" visitedMethods="0" numMethods="1" />
              <MetadataToken>100663315</MetadataToken>
              <Name>System.Collections.DictionaryEntry CoverageDiff.DictionaryEnumerator`2::get_Entry()</Name>
              <FileRef uid="3" />
              <SequencePoints>
                <SequencePoint vc="0" uspid="29" ordinal="0" offset="0" sl="19" sc="13" el="19" ec="14" bec="0" bev="0" fileid="3" />
                <SequencePoint vc="0" uspid="30" ordinal="1" offset="1" sl="20" sc="17" el="20" ec="41" bec="0" bev="0" fileid="3" />
                <SequencePoint vc="0" uspid="31" ordinal="2" offset="13" sl="21" sc="17" el="21" ec="66" bec="0" bev="0" fileid="3" />
                <SequencePoint vc="0" uspid="32" ordinal="3" offset="45" sl="22" sc="13" el="22" ec="14" bec="0" bev="0" fileid="3" />
              </SequencePoints>
              <BranchPoints />
              <MethodPoint xsi:type="SequencePoint" vc="0" uspid="29" ordinal="0" offset="0" sl="19" sc="13" el="19" ec="14" bec="0" bev="0" fileid="3" />
            </Method>
            <Method visited="false" cyclomaticComplexity="1" nPathComplexity="0" sequenceCoverage="0" branchCoverage="0" isConstructor="false" isStatic="false" isGetter="true" isSetter="false">
              <Summary numSequencePoints="1" visitedSequencePoints="0" numBranchPoints="1" visitedBranchPoints="0" sequenceCoverage="0" branchCoverage="0" maxCyclomaticComplexity="1" minCyclomaticComplexity="1" visitedClasses="0" numClasses="0" visitedMethods="0" numMethods="1" />
              <MetadataToken>100663316</MetadataToken>
              <Name>System.Object CoverageDiff.DictionaryEnumerator`2::get_Key()</Name>
              <FileRef uid="3" />
              <SequencePoints>
                <SequencePoint vc="0" uspid="33" ordinal="0" offset="0" sl="25" sc="30" el="25" ec="46" bec="0" bev="0" fileid="3" />
              </SequencePoints>
              <BranchPoints />
              <MethodPoint xsi:type="SequencePoint" vc="0" uspid="33" ordinal="0" offset="0" sl="25" sc="30" el="25" ec="46" bec="0" bev="0" fileid="3" />
            </Method>
            <Method visited="false" cyclomaticComplexity="1" nPathComplexity="0" sequenceCoverage="0" branchCoverage="0" isConstructor="false" isStatic="false" isGetter="true" isSetter="false">
              <Summary numSequencePoints="1" visitedSequencePoints="0" numBranchPoints="1" visitedBranchPoints="0" sequenceCoverage="0" branchCoverage="0" maxCyclomaticComplexity="1" minCyclomaticComplexity="1" visitedClasses="0" numClasses="0" visitedMethods="0" numMethods="1" />
              <MetadataToken>100663317</MetadataToken>
              <Name>System.Object CoverageDiff.DictionaryEnumerator`2::get_Value()</Name>
              <FileRef uid="3" />
              <SequencePoints>
                <SequencePoint vc="0" uspid="34" ordinal="0" offset="0" sl="27" sc="32" el="27" ec="50" bec="0" bev="0" fileid="3" />
              </SequencePoints>
              <BranchPoints />
              <MethodPoint xsi:type="SequencePoint" vc="0" uspid="34" ordinal="0" offset="0" sl="27" sc="32" el="27" ec="50" bec="0" bev="0" fileid="3" />
            </Method>
            <Method visited="false" cyclomaticComplexity="1" nPathComplexity="0" sequenceCoverage="0" branchCoverage="0" isConstructor="false" isStatic="false" isGetter="true" isSetter="false">
              <Summary numSequencePoints="1" visitedSequencePoints="0" numBranchPoints="1" visitedBranchPoints="0" sequenceCoverage="0" branchCoverage="0" maxCyclomaticComplexity="1" minCyclomaticComplexity="1" visitedClasses="0" numClasses="0" visitedMethods="0" numMethods="1" />
              <MetadataToken>100663318</MetadataToken>
              <Name>System.Object CoverageDiff.DictionaryEnumerator`2::get_Current()</Name>
              <FileRef uid="3" />
              <SequencePoints>
                <SequencePoint vc="0" uspid="35" ordinal="0" offset="0" sl="29" sc="34" el="29" ec="39" bec="0" bev="0" fileid="3" />
              </SequencePoints>
              <BranchPoints />
              <MethodPoint xsi:type="SequencePoint" vc="0" uspid="35" ordinal="0" offset="0" sl="29" sc="34" el="29" ec="39" bec="0" bev="0" fileid="3" />
            </Method>
            <Method visited="false" cyclomaticComplexity="1" nPathComplexity="0" sequenceCoverage="0" branchCoverage="0" isConstructor="true" isStatic="false" isGetter="false" isSetter="false">
              <Summary numSequencePoints="4" visitedSequencePoints="0" numBranchPoints="1" visitedBranchPoints="0" sequenceCoverage="0" branchCoverage="0" maxCyclomaticComplexity="1" minCyclomaticComplexity="1" visitedClasses="0" numClasses="0" visitedMethods="0" numMethods="1" />
              <MetadataToken>100663314</MetadataToken>
              <Name>System.Void CoverageDiff.DictionaryEnumerator`2::.ctor(System.Collections.Generic.IDictionary`2&lt;TKey,TValue&gt;)</Name>
              <FileRef uid="3" />
              <SequencePoints>
                <SequencePoint vc="0" uspid="36" ordinal="0" offset="0" sl="11" sc="9" el="11" ec="69" bec="0" bev="0" fileid="3" />
                <SequencePoint vc="0" uspid="37" ordinal="1" offset="7" sl="12" sc="9" el="12" ec="10" bec="0" bev="0" fileid="3" />
                <SequencePoint vc="0" uspid="38" ordinal="2" offset="8" sl="13" sc="13" el="13" ec="47" bec="0" bev="0" fileid="3" />
                <SequencePoint vc="0" uspid="39" ordinal="3" offset="20" sl="14" sc="9" el="14" ec="10" bec="0" bev="0" fileid="3" />
              </SequencePoints>
              <BranchPoints />
              <MethodPoint xsi:type="SequencePoint" vc="0" uspid="36" ordinal="0" offset="0" sl="11" sc="9" el="11" ec="69" bec="0" bev="0" fileid="3" />
            </Method>
            <Method visited="false" cyclomaticComplexity="1" nPathComplexity="0" sequenceCoverage="0" branchCoverage="0" isConstructor="false" isStatic="false" isGetter="false" isSetter="false">
              <Summary numSequencePoints="1" visitedSequencePoints="0" numBranchPoints="1" visitedBranchPoints="0" sequenceCoverage="0" branchCoverage="0" maxCyclomaticComplexity="1" minCyclomaticComplexity="1" visitedClasses="0" numClasses="0" visitedMethods="0" numMethods="1" />
              <MetadataToken>100663319</MetadataToken>
              <Name>System.Void CoverageDiff.DictionaryEnumerator`2::Dispose()</Name>
              <FileRef uid="3" />
              <SequencePoints>
                <SequencePoint vc="0" uspid="40" ordinal="0" offset="0" sl="31" sc="34" el="31" ec="48" bec="0" bev="0" fileid="3" />
              </SequencePoints>
              <BranchPoints />
              <MethodPoint xsi:type="SequencePoint" vc="0" uspid="40" ordinal="0" offset="0" sl="31" sc="34" el="31" ec="48" bec="0" bev="0" fileid="3" />
            </Method>
            <Method visited="false" cyclomaticComplexity="1" nPathComplexity="0" sequenceCoverage="0" branchCoverage="0" isConstructor="false" isStatic="false" isGetter="false" isSetter="false">
              <Summary numSequencePoints="1" visitedSequencePoints="0" numBranchPoints="1" visitedBranchPoints="0" sequenceCoverage="0" branchCoverage="0" maxCyclomaticComplexity="1" minCyclomaticComplexity="1" visitedClasses="0" numClasses="0" visitedMethods="0" numMethods="1" />
              <MetadataToken>100663320</MetadataToken>
              <Name>System.Void CoverageDiff.DictionaryEnumerator`2::Reset()</Name>
              <FileRef uid="3" />
              <SequencePoints>
                <SequencePoint vc="0" uspid="41" ordinal="0" offset="0" sl="33" sc="32" el="33" ec="44" bec="0" bev="0" fileid="3" />
              </SequencePoints>
              <BranchPoints />
              <MethodPoint xsi:type="SequencePoint" vc="0" uspid="41" ordinal="0" offset="0" sl="33" sc="32" el="33" ec="44" bec="0" bev="0" fileid="3" />
            </Method>
            <Method visited="false" cyclomaticComplexity="1" nPathComplexity="0" sequenceCoverage="0" branchCoverage="0" isConstructor="false" isStatic="false" isGetter="false" isSetter="false">
              <Summary numSequencePoints="1" visitedSequencePoints="0" numBranchPoints="1" visitedBranchPoints="0" sequenceCoverage="0" branchCoverage="0" maxCyclomaticComplexity="1" minCyclomaticComplexity="1" visitedClasses="0" numClasses="0" visitedMethods="0" numMethods="1" />
              <MetadataToken>100663321</MetadataToken>
              <Name>System.Boolean CoverageDiff.DictionaryEnumerator`2::MoveNext()</Name>
              <FileRef uid="3" />
              <SequencePoints>
                <SequencePoint vc="0" uspid="42" ordinal="0" offset="0" sl="35" sc="35" el="35" ec="50" bec="0" bev="0" fileid="3" />
              </SequencePoints>
              <BranchPoints />
              <MethodPoint xsi:type="SequencePoint" vc="0" uspid="42" ordinal="0" offset="0" sl="35" sc="35" el="35" ec="50" bec="0" bev="0" fileid="3" />
            </Method>
          </Methods>
        </Class>
        <Class>
          <Summary numSequencePoints="10" visitedSequencePoints="0" numBranchPoints="6" visitedBranchPoints="0" sequenceCoverage="0" branchCoverage="0" maxCyclomaticComplexity="4" minCyclomaticComplexity="1" visitedClasses="0" numClasses="1" visitedMethods="0" numMethods="2" />
          <FullName>CoverageDiff.Extensions</FullName>
          <Methods>
            <Method visited="false" cyclomaticComplexity="1" nPathComplexity="0" sequenceCoverage="0" branchCoverage="0" isConstructor="false" isStatic="true" isGetter="false" isSetter="false">
              <Summary numSequencePoints="6" visitedSequencePoints="0" numBranchPoints="1" visitedBranchPoints="0" sequenceCoverage="0" branchCoverage="0" maxCyclomaticComplexity="1" minCyclomaticComplexity="1" visitedClasses="0" numClasses="0" visitedMethods="0" numMethods="1" />
              <MetadataToken>100663322</MetadataToken>
              <Name>System.Void CoverageDiff.Extensions::InsertAttribute(System.Xml.Linq.XElement,System.Int32,System.String,System.String)</Name>
              <FileRef uid="4" />
              <SequencePoints>
                <SequencePoint vc="0" uspid="43" ordinal="0" offset="0" sl="9" sc="9" el="9" ec="10" bec="0" bev="0" fileid="4" />
                <SequencePoint vc="0" uspid="44" ordinal="1" offset="1" sl="10" sc="13" el="10" ec="60" bec="0" bev="0" fileid="4" />
                <SequencePoint vc="0" uspid="45" ordinal="2" offset="13" sl="11" sc="13" el="11" ec="67" bec="0" bev="0" fileid="4" />
                <SequencePoint vc="0" uspid="46" ordinal="3" offset="33" sl="12" sc="13" el="12" ec="43" bec="0" bev="0" fileid="4" />
                <SequencePoint vc="0" uspid="47" ordinal="4" offset="45" sl="13" sc="13" el="13" ec="37" bec="0" bev="0" fileid="4" />
                <SequencePoint vc="0" uspid="48" ordinal="5" offset="53" sl="14" sc="9" el="14" ec="10" bec="0" bev="0" fileid="4" />
              </SequencePoints>
              <BranchPoints />
              <MethodPoint xsi:type="SequencePoint" vc="0" uspid="43" ordinal="0" offset="0" sl="9" sc="9" el="9" ec="10" bec="0" bev="0" fileid="4" />
            </Method>
            <Method visited="false" cyclomaticComplexity="4" nPathComplexity="4" sequenceCoverage="0" branchCoverage="0" isConstructor="false" isStatic="true" isGetter="false" isSetter="false">
              <Summary numSequencePoints="4" visitedSequencePoints="0" numBranchPoints="5" visitedBranchPoints="0" sequenceCoverage="0" branchCoverage="0" maxCyclomaticComplexity="4" minCyclomaticComplexity="4" visitedClasses="0" numClasses="0" visitedMethods="0" numMethods="1" />
              <MetadataToken>100663323</MetadataToken>
              <Name>System.Int32 CoverageDiff.Extensions::AttrInt(System.Xml.Linq.XElement,System.String)</Name>
              <FileRef uid="4" />
              <SequencePoints>
                <SequencePoint vc="0" uspid="49" ordinal="0" offset="0" sl="17" sc="9" el="17" ec="10" bec="0" bev="0" fileid="4" />
                <SequencePoint vc="0" uspid="50" ordinal="1" offset="1" sl="18" sc="13" el="18" ec="56" bec="2" bev="0" fileid="4" />
                <SequencePoint vc="0" uspid="51" ordinal="2" offset="26" sl="19" sc="13" el="19" ec="76" bec="2" bev="0" fileid="4" />
                <SequencePoint vc="0" uspid="52" ordinal="3" offset="46" sl="20" sc="9" el="20" ec="10" bec="0" bev="0" fileid="4" />
              </SequencePoints>
              <BranchPoints>
                <BranchPoint vc="0" uspid="53" ordinal="0" offset="14" sl="18" path="0" offsetend="16" fileid="4" />
                <BranchPoint vc="0" uspid="54" ordinal="1" offset="14" sl="18" path="1" offsetend="20" fileid="4" />
                <BranchPoint vc="0" uspid="55" ordinal="2" offset="32" sl="19" path="0" offsetend="34" fileid="4" />
                <BranchPoint vc="0" uspid="56" ordinal="3" offset="32" sl="19" path="1" offsetend="42" fileid="4" />
              </BranchPoints>
              <MethodPoint xsi:type="SequencePoint" vc="0" uspid="49" ordinal="0" offset="0" sl="17" sc="9" el="17" ec="10" bec="0" bev="0" fileid="4" />
            </Method>
          </Methods>
        </Class>
        <Class>
          <Summary numSequencePoints="44" visitedSequencePoints="8" numBranchPoints="15" visitedBranchPoints="3" sequenceCoverage="18.18" branchCoverage="20" maxCyclomaticComplexity="2" minCyclomaticComplexity="1" visitedClasses="1" numClasses="1" visitedMethods="2" numMethods="9" />
          <FullName>CoverageDiff.KeyedCollection2`2</FullName>
          <Methods>
            <Method visited="true" cyclomaticComplexity="2" nPathComplexity="2" sequenceCoverage="71.43" branchCoverage="66.67" isConstructor="true" isStatic="false" isGetter="false" isSetter="false">
              <Summary numSequencePoints="7" visitedSequencePoints="5" numBranchPoints="3" visitedBranchPoints="2" sequenceCoverage="71.43" branchCoverage="66.67" maxCyclomaticComplexity="2" minCyclomaticComplexity="2" visitedClasses="0" numClasses="0" visitedMethods="1" numMethods="1" />
              <MetadataToken>100663346</MetadataToken>
              <Name>System.Void CoverageDiff.KeyedCollection2`2::.ctor(System.Func`2&lt;TItem,TKey&gt;)</Name>
              <FileRef uid="5" />
              <SequencePoints>
                <SequencePoint vc="1" uspid="57" ordinal="0" offset="0" sl="16" sc="15" el="16" ec="21" bec="0" bev="0" fileid="5" />
                <SequencePoint vc="1" uspid="58" ordinal="1" offset="7" sl="17" sc="9" el="17" ec="10" bec="0" bev="0" fileid="5" />
                <SequencePoint vc="1" uspid="59" ordinal="2" offset="8" sl="18" sc="13" el="18" ec="47" bec="2" bev="1" fileid="5" />
                <SequencePoint vc="0" uspid="60" ordinal="3" offset="16" sl="19" sc="13" el="19" ec="14" bec="0" bev="0" fileid="5" />
                <SequencePoint vc="0" uspid="61" ordinal="4" offset="17" sl="20" sc="17" el="20" ec="79" bec="0" bev="0" fileid="5" />
                <SequencePoint vc="1" uspid="62" ordinal="5" offset="28" sl="23" sc="13" el="23" ec="64" bec="0" bev="0" fileid="5" />
                <SequencePoint vc="1" uspid="63" ordinal="6" offset="35" sl="24" sc="9" el="24" ec="10" bec="0" bev="0" fileid="5" />
              </SequencePoints>
              <BranchPoints>
                <BranchPoint vc="0" uspid="64" ordinal="0" offset="14" sl="18" path="0" offsetend="16" fileid="5" />
                <BranchPoint vc="1" uspid="65" ordinal="1" offset="14" sl="18" path="1" offsetend="28" fileid="5" />
              </BranchPoints>
              <MethodPoint xsi:type="SequencePoint" vc="1" uspid="57" ordinal="0" offset="0" sl="16" sc="15" el="16" ec="21" bec="0" bev="0" fileid="5" />
            </Method>
            <Method visited="false" cyclomaticComplexity="2" nPathComplexity="2" sequenceCoverage="0" branchCoverage="0" isConstructor="true" isStatic="false" isGetter="false" isSetter="false">
              <Summary numSequencePoints="7" visitedSequencePoints="0" numBranchPoints="3" visitedBranchPoints="0" sequenceCoverage="0" branchCoverage="0" maxCyclomaticComplexity="2" minCyclomaticComplexity="2" visitedClasses="0" numClasses="0" visitedMethods="0" numMethods="1" />
              <MetadataToken>100663347</MetadataToken>
              <Name>System.Void CoverageDiff.KeyedCollection2`2::.ctor(System.Func`2&lt;TItem,TKey&gt;,System.Collections.Generic.IEqualityComparer`1&lt;TKey&gt;)</Name>
              <FileRef uid="5" />
              <SequencePoints>
                <SequencePoint vc="0" uspid="66" ordinal="0" offset="0" sl="27" sc="15" el="27" ec="29" bec="0" bev="0" fileid="5" />
                <SequencePoint vc="0" uspid="67" ordinal="1" offset="8" sl="28" sc="9" el="28" ec="10" bec="0" bev="0" fileid="5" />
                <SequencePoint vc="0" uspid="68" ordinal="2" offset="9" sl="29" sc="13" el="29" ec="47" bec="2" bev="0" fileid="5" />
                <SequencePoint vc="0" uspid="69" ordinal="3" offset="17" sl="30" sc="13" el="30" ec="14" bec="0" bev="0" fileid="5" />
                <SequencePoint vc="0" uspid="70" ordinal="4" offset="18" sl="31" sc="17" el="31" ec="79" bec="0" bev="0" fileid="5" />
                <SequencePoint vc="0" uspid="71" ordinal="5" offset="29" sl="34" sc="13" el="34" ec="64" bec="0" bev="0" fileid="5" />
                <SequencePoint vc="0" uspid="72" ordinal="6" offset="36" sl="35" sc="9" el="35" ec="10" bec="0" bev="0" fileid="5" />
              </SequencePoints>
              <BranchPoints>
                <BranchPoint vc="0" uspid="73" ordinal="0" offset="15" sl="29" path="0" offsetend="17" fileid="5" />
                <BranchPoint vc="0" uspid="74" ordinal="1" offset="15" sl="29" path="1" offsetend="29" fileid="5" />
              </BranchPoints>
              <MethodPoint xsi:type="SequencePoint" vc="0" uspid="66" ordinal="0" offset="0" sl="27" sc="15" el="27" ec="29" bec="0" bev="0" fileid="5" />
            </Method>
            <Method visited="false" cyclomaticComplexity="1" nPathComplexity="0" sequenceCoverage="0" branchCoverage="0" isConstructor="false" isStatic="false" isGetter="false" isSetter="false">
              <Summary numSequencePoints="4" visitedSequencePoints="0" numBranchPoints="1" visitedBranchPoints="0" sequenceCoverage="0" branchCoverage="0" maxCyclomaticComplexity="1" minCyclomaticComplexity="1" visitedClasses="0" numClasses="0" visitedMethods="0" numMethods="1" />
              <MetadataToken>100663348</MetadataToken>
              <Name>System.Void CoverageDiff.KeyedCollection2`2::SortByKeys()</Name>
              <FileRef uid="5" />
              <SequencePoints>
                <SequencePoint vc="0" uspid="75" ordinal="0" offset="0" sl="38" sc="9" el="38" ec="10" bec="0" bev="0" fileid="5" />
                <SequencePoint vc="0" uspid="76" ordinal="1" offset="1" sl="39" sc="13" el="39" ec="51" bec="0" bev="0" fileid="5" />
                <SequencePoint vc="0" uspid="77" ordinal="2" offset="7" sl="40" sc="13" el="40" ec="34" bec="0" bev="0" fileid="5" />
                <SequencePoint vc="0" uspid="78" ordinal="3" offset="15" sl="41" sc="9" el="41" ec="10" bec="0" bev="0" fileid="5" />
              </SequencePoints>
              <BranchPoints />
              <MethodPoint xsi:type="SequencePoint" vc="0" uspid="75" ordinal="0" offset="0" sl="38" sc="9" el="38" ec="10" bec="0" bev="0" fileid="5" />
            </Method>
            <Method visited="false" cyclomaticComplexity="1" nPathComplexity="0" sequenceCoverage="0" branchCoverage="0" isConstructor="false" isStatic="false" isGetter="false" isSetter="false">
              <Summary numSequencePoints="4" visitedSequencePoints="0" numBranchPoints="1" visitedBranchPoints="0" sequenceCoverage="0" branchCoverage="0" maxCyclomaticComplexity="1" minCyclomaticComplexity="1" visitedClasses="0" numClasses="0" visitedMethods="0" numMethods="1" />
              <MetadataToken>100663349</MetadataToken>
              <Name>System.Void CoverageDiff.KeyedCollection2`2::SortByKeys(System.Collections.Generic.IComparer`1&lt;TKey&gt;)</Name>
              <FileRef uid="5" />
              <SequencePoints>
                <SequencePoint vc="0" uspid="79" ordinal="0" offset="20" sl="44" sc="9" el="44" ec="10" bec="0" bev="0" fileid="5" />
                <SequencePoint vc="0" uspid="80" ordinal="1" offset="21" sl="45" sc="13" el="45" ec="116" bec="0" bev="0" fileid="5" />
                <SequencePoint vc="0" uspid="81" ordinal="2" offset="39" sl="46" sc="13" el="46" ec="28" bec="0" bev="0" fileid="5" />
                <SequencePoint vc="0" uspid="82" ordinal="3" offset="47" sl="47" sc="9" el="47" ec="10" bec="0" bev="0" fileid="5" />
              </SequencePoints>
              <BranchPoints />
              <MethodPoint vc="0" uspid="83" ordinal="0" offset="0" />
            </Method>
            <Method visited="false" cyclomaticComplexity="1" nPathComplexity="0" sequenceCoverage="0" branchCoverage="0" isConstructor="false" isStatic="false" isGetter="false" isSetter="false">
              <Summary numSequencePoints="4" visitedSequencePoints="0" numBranchPoints="1" visitedBranchPoints="0" sequenceCoverage="0" branchCoverage="0" maxCyclomaticComplexity="1" minCyclomaticComplexity="1" visitedClasses="0" numClasses="0" visitedMethods="0" numMethods="1" />
              <MetadataToken>100663350</MetadataToken>
              <Name>System.Void CoverageDiff.KeyedCollection2`2::SortByKeys(System.Comparison`1&lt;TKey&gt;)</Name>
              <FileRef uid="5" />
              <SequencePoints>
                <SequencePoint vc="0" uspid="84" ordinal="0" offset="20" sl="50" sc="9" el="50" ec="10" bec="0" bev="0" fileid="5" />
                <SequencePoint vc="0" uspid="85" ordinal="1" offset="21" sl="51" sc="13" el="51" ec="110" bec="0" bev="0" fileid="5" />
                <SequencePoint vc="0" uspid="86" ordinal="2" offset="39" sl="52" sc="13" el="52" ec="28" bec="0" bev="0" fileid="5" />
                <SequencePoint vc="0" uspid="87" ordinal="3" offset="47" sl="53" sc="9" el="53" ec="10" bec="0" bev="0" fileid="5" />
              </SequencePoints>
              <BranchPoints />
              <MethodPoint vc="0" uspid="88" ordinal="0" offset="0" />
            </Method>
            <Method visited="false" cyclomaticComplexity="1" nPathComplexity="0" sequenceCoverage="0" branchCoverage="0" isConstructor="false" isStatic="false" isGetter="false" isSetter="false">
              <Summary numSequencePoints="4" visitedSequencePoints="0" numBranchPoints="1" visitedBranchPoints="0" sequenceCoverage="0" branchCoverage="0" maxCyclomaticComplexity="1" minCyclomaticComplexity="1" visitedClasses="0" numClasses="0" visitedMethods="0" numMethods="1" />
              <MetadataToken>100663351</MetadataToken>
              <Name>System.Void CoverageDiff.KeyedCollection2`2::Sort()</Name>
              <FileRef uid="5" />
              <SequencePoints>
                <SequencePoint vc="0" uspid="89" ordinal="0" offset="0" sl="56" sc="9" el="56" ec="10" bec="0" bev="0" fileid="5" />
                <SequencePoint vc="0" uspid="90" ordinal="1" offset="1" sl="57" sc="13" el="57" ec="52" bec="0" bev="0" fileid="5" />
                <SequencePoint vc="0" uspid="91" ordinal="2" offset="7" sl="58" sc="13" el="58" ec="28" bec="0" bev="0" fileid="5" />
                <SequencePoint vc="0" uspid="92" ordinal="3" offset="15" sl="59" sc="9" el="59" ec="10" bec="0" bev="0" fileid="5" />
              </SequencePoints>
              <BranchPoints />
              <MethodPoint xsi:type="SequencePoint" vc="0" uspid="89" ordinal="0" offset="0" sl="56" sc="9" el="56" ec="10" bec="0" bev="0" fileid="5" />
            </Method>
            <Method visited="false" cyclomaticComplexity="1" nPathComplexity="0" sequenceCoverage="0" branchCoverage="0" isConstructor="false" isStatic="false" isGetter="false" isSetter="false">
              <Summary numSequencePoints="4" visitedSequencePoints="0" numBranchPoints="1" visitedBranchPoints="0" sequenceCoverage="0" branchCoverage="0" maxCyclomaticComplexity="1" minCyclomaticComplexity="1" visitedClasses="0" numClasses="0" visitedMethods="0" numMethods="1" />
              <MetadataToken>100663352</MetadataToken>
              <Name>System.Void CoverageDiff.KeyedCollection2`2::Sort(System.Comparison`1&lt;TItem&gt;)</Name>
              <FileRef uid="5" />
              <SequencePoints>
                <SequencePoint vc="0" uspid="93" ordinal="0" offset="13" sl="62" sc="9" el="62" ec="10" bec="0" bev="0" fileid="5" />
                <SequencePoint vc="0" uspid="94" ordinal="1" offset="14" sl="63" sc="13" el="63" ec="80" bec="0" bev="0" fileid="5" />
                <SequencePoint vc="0" uspid="95" ordinal="2" offset="32" sl="64" sc="13" el="64" ec="31" bec="0" bev="0" fileid="5" />
                <SequencePoint vc="0" uspid="96" ordinal="3" offset="40" sl="65" sc="9" el="65" ec="10" bec="0" bev="0" fileid="5" />
              </SequencePoints>
              <BranchPoints />
              <MethodPoint vc="0" uspid="97" ordinal="0" offset="0" />
            </Method>
            <Method visited="false" cyclomaticComplexity="2" nPathComplexity="2" sequenceCoverage="0" branchCoverage="0" isConstructor="false" isStatic="false" isGetter="false" isSetter="false">
              <Summary numSequencePoints="7" visitedSequencePoints="0" numBranchPoints="3" visitedBranchPoints="0" sequenceCoverage="0" branchCoverage="0" maxCyclomaticComplexity="2" minCyclomaticComplexity="2" visitedClasses="0" numClasses="0" visitedMethods="0" numMethods="1" />
              <MetadataToken>100663353</MetadataToken>
              <Name>System.Void CoverageDiff.KeyedCollection2`2::Sort(System.Collections.Generic.IComparer`1&lt;TItem&gt;)</Name>
              <FileRef uid="5" />
              <SequencePoints>
                <SequencePoint vc="0" uspid="98" ordinal="0" offset="0" sl="68" sc="9" el="68" ec="10" bec="0" bev="0" fileid="5" />
                <SequencePoint vc="0" uspid="99" ordinal="1" offset="1" sl="69" sc="13" el="69" ec="58" bec="0" bev="0" fileid="5" />
                <SequencePoint vc="0" uspid="100" ordinal="2" offset="13" sl="70" sc="13" el="70" ec="30" bec="2" bev="0" fileid="5" />
                <SequencePoint vc="0" uspid="101" ordinal="3" offset="21" sl="71" sc="13" el="71" ec="14" bec="0" bev="0" fileid="5" />
                <SequencePoint vc="0" uspid="102" ordinal="4" offset="22" sl="72" sc="17" el="72" ec="37" bec="0" bev="0" fileid="5" />
                <SequencePoint vc="0" uspid="103" ordinal="5" offset="30" sl="73" sc="13" el="73" ec="14" bec="0" bev="0" fileid="5" />
                <SequencePoint vc="0" uspid="104" ordinal="6" offset="31" sl="74" sc="9" el="74" ec="10" bec="0" bev="0" fileid="5" />
              </SequencePoints>
              <BranchPoints>
                <BranchPoint vc="0" uspid="105" ordinal="0" offset="19" sl="70" path="0" offsetend="21" fileid="5" />
                <BranchPoint vc="0" uspid="106" ordinal="1" offset="19" sl="70" path="1" offsetend="31" fileid="5" />
              </BranchPoints>
              <MethodPoint xsi:type="SequencePoint" vc="0" uspid="98" ordinal="0" offset="0" sl="68" sc="9" el="68" ec="10" bec="0" bev="0" fileid="5" />
            </Method>
            <Method visited="true" cyclomaticComplexity="1" nPathComplexity="0" sequenceCoverage="100" branchCoverage="100" isConstructor="false" isStatic="false" isGetter="false" isSetter="false">
              <Summary numSequencePoints="3" visitedSequencePoints="3" numBranchPoints="1" visitedBranchPoints="1" sequenceCoverage="100" branchCoverage="100" maxCyclomaticComplexity="1" minCyclomaticComplexity="1" visitedClasses="0" numClasses="0" visitedMethods="1" numMethods="1" />
              <MetadataToken>100663354</MetadataToken>
              <Name>TKey CoverageDiff.KeyedCollection2`2::GetKeyForItem(TItem)</Name>
              <FileRef uid="5" />
              <SequencePoints>
                <SequencePoint vc="6" uspid="107" ordinal="0" offset="0" sl="77" sc="9" el="77" ec="10" bec="0" bev="0" fileid="5" />
                <SequencePoint vc="6" uspid="108" ordinal="1" offset="1" sl="78" sc="13" el="78" ec="48" bec="0" bev="0" fileid="5" />
                <SequencePoint vc="6" uspid="109" ordinal="2" offset="16" sl="79" sc="9" el="79" ec="10" bec="0" bev="0" fileid="5" />
              </SequencePoints>
              <BranchPoints />
              <MethodPoint xsi:type="SequencePoint" vc="6" uspid="107" ordinal="0" offset="0" sl="77" sc="9" el="77" ec="10" bec="0" bev="0" fileid="5" />
            </Method>
          </Methods>
        </Class>
        <Class>
          <Summary numSequencePoints="1" visitedSequencePoints="0" numBranchPoints="1" visitedBranchPoints="0" sequenceCoverage="0" branchCoverage="0" maxCyclomaticComplexity="1" minCyclomaticComplexity="1" visitedClasses="0" numClasses="1" visitedMethods="0" numMethods="1" />
          <FullName>CoverageDiff.KeyedCollection2`2/&lt;&gt;c__DisplayClass5_0</FullName>
          <Methods>
            <Method visited="false" cyclomaticComplexity="1" nPathComplexity="0" sequenceCoverage="0" branchCoverage="0" isConstructor="true" isStatic="false" isGetter="false" isSetter="false">
              <Summary numSequencePoints="0" visitedSequencePoints="0" numBranchPoints="0" visitedBranchPoints="0" sequenceCoverage="0" branchCoverage="0" maxCyclomaticComplexity="1" minCyclomaticComplexity="1" visitedClasses="0" numClasses="0" visitedMethods="0" numMethods="0" />
              <MetadataToken>100663450</MetadataToken>
              <Name>System.Void CoverageDiff.KeyedCollection2`2/&lt;&gt;c__DisplayClass5_0::.ctor()</Name>
              <SequencePoints />
              <BranchPoints />
              <MethodPoint vc="0" uspid="110" ordinal="0" offset="0" />
            </Method>
            <Method visited="false" cyclomaticComplexity="1" nPathComplexity="0" sequenceCoverage="0" branchCoverage="0" isConstructor="false" isStatic="false" isGetter="false" isSetter="false">
              <Summary numSequencePoints="1" visitedSequencePoints="0" numBranchPoints="1" visitedBranchPoints="0" sequenceCoverage="0" branchCoverage="0" maxCyclomaticComplexity="1" minCyclomaticComplexity="1" visitedClasses="0" numClasses="0" visitedMethods="0" numMethods="1" />
              <MetadataToken>100663451</MetadataToken>
              <Name>System.Int32 CoverageDiff.KeyedCollection2`2/&lt;&gt;c__DisplayClass5_0::&lt;SortByKeys&gt;b__0(TItem,TItem)</Name>
              <FileRef uid="5" />
              <SequencePoints>
                <SequencePoint vc="0" uspid="111" ordinal="0" offset="0" sl="45" sc="59" el="45" ec="114" bec="0" bev="0" fileid="5" />
              </SequencePoints>
              <BranchPoints />
              <MethodPoint xsi:type="SequencePoint" vc="0" uspid="111" ordinal="0" offset="0" sl="45" sc="59" el="45" ec="114" bec="0" bev="0" fileid="5" />
            </Method>
          </Methods>
        </Class>
        <Class>
          <Summary numSequencePoints="1" visitedSequencePoints="0" numBranchPoints="1" visitedBranchPoints="0" sequenceCoverage="0" branchCoverage="0" maxCyclomaticComplexity="1" minCyclomaticComplexity="1" visitedClasses="0" numClasses="1" visitedMethods="0" numMethods="1" />
          <FullName>CoverageDiff.KeyedCollection2`2/&lt;&gt;c__DisplayClass6_0</FullName>
          <Methods>
            <Method visited="false" cyclomaticComplexity="1" nPathComplexity="0" sequenceCoverage="0" branchCoverage="0" isConstructor="true" isStatic="false" isGetter="false" isSetter="false">
              <Summary numSequencePoints="0" visitedSequencePoints="0" numBranchPoints="0" visitedBranchPoints="0" sequenceCoverage="0" branchCoverage="0" maxCyclomaticComplexity="1" minCyclomaticComplexity="1" visitedClasses="0" numClasses="0" visitedMethods="0" numMethods="0" />
              <MetadataToken>100663452</MetadataToken>
              <Name>System.Void CoverageDiff.KeyedCollection2`2/&lt;&gt;c__DisplayClass6_0::.ctor()</Name>
              <SequencePoints />
              <BranchPoints />
              <MethodPoint vc="0" uspid="112" ordinal="0" offset="0" />
            </Method>
            <Method visited="false" cyclomaticComplexity="1" nPathComplexity="0" sequenceCoverage="0" branchCoverage="0" isConstructor="false" isStatic="false" isGetter="false" isSetter="false">
              <Summary numSequencePoints="1" visitedSequencePoints="0" numBranchPoints="1" visitedBranchPoints="0" sequenceCoverage="0" branchCoverage="0" maxCyclomaticComplexity="1" minCyclomaticComplexity="1" visitedClasses="0" numClasses="0" visitedMethods="0" numMethods="1" />
              <MetadataToken>100663453</MetadataToken>
              <Name>System.Int32 CoverageDiff.KeyedCollection2`2/&lt;&gt;c__DisplayClass6_0::&lt;SortByKeys&gt;b__0(TItem,TItem)</Name>
              <FileRef uid="5" />
              <SequencePoints>
                <SequencePoint vc="0" uspid="113" ordinal="0" offset="0" sl="51" sc="59" el="51" ec="108" bec="0" bev="0" fileid="5" />
              </SequencePoints>
              <BranchPoints />
              <MethodPoint xsi:type="SequencePoint" vc="0" uspid="113" ordinal="0" offset="0" sl="51" sc="59" el="51" ec="108" bec="0" bev="0" fileid="5" />
            </Method>
          </Methods>
        </Class>
        <Class>
          <Summary numSequencePoints="1" visitedSequencePoints="0" numBranchPoints="1" visitedBranchPoints="0" sequenceCoverage="0" branchCoverage="0" maxCyclomaticComplexity="1" minCyclomaticComplexity="1" visitedClasses="0" numClasses="1" visitedMethods="0" numMethods="1" />
          <FullName>CoverageDiff.KeyedCollection2`2/&lt;&gt;c__DisplayClass8_0</FullName>
          <Methods>
            <Method visited="false" cyclomaticComplexity="1" nPathComplexity="0" sequenceCoverage="0" branchCoverage="0" isConstructor="true" isStatic="false" isGetter="false" isSetter="false">
              <Summary numSequencePoints="0" visitedSequencePoints="0" numBranchPoints="0" visitedBranchPoints="0" sequenceCoverage="0" branchCoverage="0" maxCyclomaticComplexity="1" minCyclomaticComplexity="1" visitedClasses="0" numClasses="0" visitedMethods="0" numMethods="0" />
              <MetadataToken>100663454</MetadataToken>
              <Name>System.Void CoverageDiff.KeyedCollection2`2/&lt;&gt;c__DisplayClass8_0::.ctor()</Name>
              <SequencePoints />
              <BranchPoints />
              <MethodPoint vc="0" uspid="114" ordinal="0" offset="0" />
            </Method>
            <Method visited="false" cyclomaticComplexity="1" nPathComplexity="0" sequenceCoverage="0" branchCoverage="0" isConstructor="false" isStatic="false" isGetter="false" isSetter="false">
              <Summary numSequencePoints="1" visitedSequencePoints="0" numBranchPoints="1" visitedBranchPoints="0" sequenceCoverage="0" branchCoverage="0" maxCyclomaticComplexity="1" minCyclomaticComplexity="1" visitedClasses="0" numClasses="0" visitedMethods="0" numMethods="1" />
              <MetadataToken>100663455</MetadataToken>
              <Name>System.Int32 CoverageDiff.KeyedCollection2`2/&lt;&gt;c__DisplayClass8_0::&lt;Sort&gt;b__0(TItem,TItem)</Name>
              <FileRef uid="5" />
              <SequencePoints>
                <SequencePoint vc="0" uspid="115" ordinal="0" offset="0" sl="63" sc="62" el="63" ec="78" bec="0" bev="0" fileid="5" />
              </SequencePoints>
              <BranchPoints />
              <MethodPoint xsi:type="SequencePoint" vc="0" uspid="115" ordinal="0" offset="0" sl="63" sc="62" el="63" ec="78" bec="0" bev="0" fileid="5" />
            </Method>
          </Methods>
        </Class>
        <Class>
          <Summary numSequencePoints="1" visitedSequencePoints="0" numBranchPoints="1" visitedBranchPoints="0" sequenceCoverage="0" branchCoverage="0" maxCyclomaticComplexity="1" minCyclomaticComplexity="1" visitedClasses="0" numClasses="1" visitedMethods="0" numMethods="1" />
          <FullName>CoverageDiff.SourceLine</FullName>
          <Methods>
            <Method skippedDueTo="AutoImplementedProperty" visited="false" cyclomaticComplexity="1" nPathComplexity="0" sequenceCoverage="0" branchCoverage="0" isConstructor="false" isStatic="false" isGetter="true" isSetter="false">
              <MetadataToken>100663358</MetadataToken>
              <Name>System.String CoverageDiff.SourceLine::get_File()</Name>
              <FileRef uid="9" />
              <SequencePoints />
              <BranchPoints />
            </Method>
            <Method skippedDueTo="AutoImplementedProperty" visited="false" cyclomaticComplexity="1" nPathComplexity="0" sequenceCoverage="0" branchCoverage="0" isConstructor="false" isStatic="false" isGetter="false" isSetter="true">
              <MetadataToken>100663359</MetadataToken>
              <Name>System.Void CoverageDiff.SourceLine::set_File(System.String)</Name>
              <FileRef uid="9" />
              <SequencePoints />
              <BranchPoints />
            </Method>
            <Method skippedDueTo="AutoImplementedProperty" visited="false" cyclomaticComplexity="1" nPathComplexity="0" sequenceCoverage="0" branchCoverage="0" isConstructor="false" isStatic="false" isGetter="true" isSetter="false">
              <MetadataToken>100663360</MetadataToken>
              <Name>System.Int32 CoverageDiff.SourceLine::get_Line()</Name>
              <FileRef uid="9" />
              <SequencePoints />
              <BranchPoints />
            </Method>
            <Method skippedDueTo="AutoImplementedProperty" visited="false" cyclomaticComplexity="1" nPathComplexity="0" sequenceCoverage="0" branchCoverage="0" isConstructor="false" isStatic="false" isGetter="false" isSetter="true">
              <MetadataToken>100663361</MetadataToken>
              <Name>System.Void CoverageDiff.SourceLine::set_Line(System.Int32)</Name>
              <FileRef uid="9" />
              <SequencePoints />
              <BranchPoints />
            </Method>
            <Method skippedDueTo="AutoImplementedProperty" visited="false" cyclomaticComplexity="1" nPathComplexity="0" sequenceCoverage="0" branchCoverage="0" isConstructor="false" isStatic="false" isGetter="true" isSetter="false">
              <MetadataToken>100663362</MetadataToken>
              <Name>System.String CoverageDiff.SourceLine::get_Context()</Name>
              <FileRef uid="9" />
              <SequencePoints />
              <BranchPoints />
            </Method>
            <Method skippedDueTo="AutoImplementedProperty" visited="false" cyclomaticComplexity="1" nPathComplexity="0" sequenceCoverage="0" branchCoverage="0" isConstructor="false" isStatic="false" isGetter="false" isSetter="true">
              <MetadataToken>100663363</MetadataToken>
              <Name>System.Void CoverageDiff.SourceLine::set_Context(System.String)</Name>
              <FileRef uid="9" />
              <SequencePoints />
              <BranchPoints />
            </Method>
            <Method visited="false" cyclomaticComplexity="1" nPathComplexity="0" sequenceCoverage="0" branchCoverage="0" isConstructor="false" isStatic="false" isGetter="false" isSetter="false">
              <Summary numSequencePoints="1" visitedSequencePoints="0" numBranchPoints="1" visitedBranchPoints="0" sequenceCoverage="0" branchCoverage="0" maxCyclomaticComplexity="1" minCyclomaticComplexity="1" visitedClasses="0" numClasses="0" visitedMethods="0" numMethods="1" />
              <MetadataToken>100663364</MetadataToken>
              <Name>System.String CoverageDiff.SourceLine::ToString()</Name>
              <FileRef uid="9" />
              <SequencePoints>
                <SequencePoint vc="0" uspid="116" ordinal="0" offset="0" sl="11" sc="46" el="11" ec="74" bec="0" bev="0" fileid="9" />
              </SequencePoints>
              <BranchPoints />
              <MethodPoint xsi:type="SequencePoint" vc="0" uspid="116" ordinal="0" offset="0" sl="11" sc="46" el="11" ec="74" bec="0" bev="0" fileid="9" />
            </Method>
            <Method visited="true" cyclomaticComplexity="1" nPathComplexity="0" sequenceCoverage="0" branchCoverage="0" isConstructor="true" isStatic="false" isGetter="false" isSetter="false">
              <Summary numSequencePoints="0" visitedSequencePoints="0" numBranchPoints="0" visitedBranchPoints="0" sequenceCoverage="0" branchCoverage="0" maxCyclomaticComplexity="1" minCyclomaticComplexity="1" visitedClasses="0" numClasses="0" visitedMethods="0" numMethods="0" />
              <MetadataToken>100663365</MetadataToken>
              <Name>System.Void CoverageDiff.SourceLine::.ctor()</Name>
              <SequencePoints />
              <BranchPoints />
              <MethodPoint vc="14" uspid="117" ordinal="0" offset="0" />
            </Method>
          </Methods>
        </Class>
        <Class>
          <Summary numSequencePoints="268" visitedSequencePoints="33" numBranchPoints="86" visitedBranchPoints="10" sequenceCoverage="12.31" branchCoverage="11.63" maxCyclomaticComplexity="4" minCyclomaticComplexity="1" visitedClasses="1" numClasses="1" visitedMethods="7" numMethods="70" />
          <FullName>CoverageDiff.OrderedDictionary`2</FullName>
          <Methods>
            <Method visited="false" cyclomaticComplexity="1" nPathComplexity="0" sequenceCoverage="0" branchCoverage="0" isConstructor="false" isStatic="false" isGetter="true" isSetter="false">
              <Summary numSequencePoints="3" visitedSequencePoints="0" numBranchPoints="1" visitedBranchPoints="0" sequenceCoverage="0" branchCoverage="0" maxCyclomaticComplexity="1" minCyclomaticComplexity="1" visitedClasses="0" numClasses="0" visitedMethods="0" numMethods="1" />
              <MetadataToken>100663370</MetadataToken>
              <Name>System.Int32 CoverageDiff.OrderedDictionary`2::get_Count()</Name>
              <FileRef uid="10" />
              <SequencePoints>
                <SequencePoint vc="0" uspid="118" ordinal="0" offset="0" sl="52" sc="17" el="52" ec="18" bec="0" bev="0" fileid="10" />
                <SequencePoint vc="0" uspid="119" ordinal="1" offset="1" sl="52" sc="19" el="52" ec="48" bec="0" bev="0" fileid="10" />
                <SequencePoint vc="0" uspid="120" ordinal="2" offset="15" sl="52" sc="49" el="52" ec="50" bec="0" bev="0" fileid="10" />
              </SequencePoints>
              <BranchPoints />
              <MethodPoint xsi:type="SequencePoint" vc="0" uspid="118" ordinal="0" offset="0" sl="52" sc="17" el="52" ec="18" bec="0" bev="0" fileid="10" />
            </Method>
            <Method visited="false" cyclomaticComplexity="2" nPathComplexity="0" sequenceCoverage="0" branchCoverage="0" isConstructor="false" isStatic="false" isGetter="true" isSetter="false">
              <Summary numSequencePoints="3" visitedSequencePoints="0" numBranchPoints="1" visitedBranchPoints="0" sequenceCoverage="0" branchCoverage="0" maxCyclomaticComplexity="2" minCyclomaticComplexity="2" visitedClasses="0" numClasses="0" visitedMethods="0" numMethods="1" />
              <MetadataToken>100663371</MetadataToken>
              <Name>System.Collections.Generic.ICollection`1&lt;TKey&gt; CoverageDiff.OrderedDictionary`2::get_Keys()</Name>
              <FileRef uid="10" />
              <SequencePoints>
                <SequencePoint vc="0" uspid="121" ordinal="0" offset="0" sl="58" sc="13" el="58" ec="14" bec="0" bev="0" fileid="10" />
                <SequencePoint vc="0" uspid="122" ordinal="1" offset="1" sl="59" sc="17" el="59" ec="68" bec="0" bev="0" fileid="10" />
                <SequencePoint vc="0" uspid="123" ordinal="2" offset="51" sl="60" sc="13" el="60" ec="14" bec="0" bev="0" fileid="10" />
              </SequencePoints>
              <BranchPoints />
              <MethodPoint xsi:type="SequencePoint" vc="0" uspid="121" ordinal="0" offset="0" sl="58" sc="13" el="58" ec="14" bec="0" bev="0" fileid="10" />
            </Method>
            <Method visited="false" cyclomaticComplexity="2" nPathComplexity="0" sequenceCoverage="0" branchCoverage="0" isConstructor="false" isStatic="false" isGetter="true" isSetter="false">
              <Summary numSequencePoints="3" visitedSequencePoints="0" numBranchPoints="1" visitedBranchPoints="0" sequenceCoverage="0" branchCoverage="0" maxCyclomaticComplexity="2" minCyclomaticComplexity="2" visitedClasses="0" numClasses="0" visitedMethods="0" numMethods="1" />
              <MetadataToken>100663372</MetadataToken>
              <Name>System.Collections.Generic.ICollection`1&lt;TValue&gt; CoverageDiff.OrderedDictionary`2::get_Values()</Name>
              <FileRef uid="10" />
              <SequencePoints>
                <SequencePoint vc="0" uspid="126" ordinal="0" offset="0" sl="66" sc="13" el="66" ec="14" bec="0" bev="0" fileid="10" />
                <SequencePoint vc="0" uspid="127" ordinal="1" offset="1" sl="67" sc="17" el="67" ec="70" bec="0" bev="0" fileid="10" />
                <SequencePoint vc="0" uspid="128" ordinal="2" offset="51" sl="68" sc="13" el="68" ec="14" bec="0" bev="0" fileid="10" />
              </SequencePoints>
              <BranchPoints />
              <MethodPoint xsi:type="SequencePoint" vc="0" uspid="126" ordinal="0" offset="0" sl="66" sc="13" el="66" ec="14" bec="0" bev="0" fileid="10" />
            </Method>
            <Method skippedDueTo="AutoImplementedProperty" visited="false" cyclomaticComplexity="1" nPathComplexity="0" sequenceCoverage="0" branchCoverage="0" isConstructor="false" isStatic="false" isGetter="true" isSetter="false">
              <MetadataToken>100663373</MetadataToken>
              <Name>System.Collections.Generic.IEqualityComparer`1&lt;TKey&gt; CoverageDiff.OrderedDictionary`2::get_Comparer()</Name>
              <FileRef uid="10" />
              <SequencePoints />
              <BranchPoints />
            </Method>
            <Method skippedDueTo="AutoImplementedProperty" visited="false" cyclomaticComplexity="1" nPathComplexity="0" sequenceCoverage="0" branchCoverage="0" isConstructor="false" isStatic="false" isGetter="false" isSetter="true">
              <MetadataToken>100663374</MetadataToken>
              <Name>System.Void CoverageDiff.OrderedDictionary`2::set_Comparer(System.Collections.Generic.IEqualityComparer`1&lt;TKey&gt;)</Name>
              <FileRef uid="10" />
              <SequencePoints />
              <BranchPoints />
            </Method>
            <Method visited="false" cyclomaticComplexity="1" nPathComplexity="0" sequenceCoverage="0" branchCoverage="0" isConstructor="false" isStatic="false" isGetter="true" isSetter="false">
              <Summary numSequencePoints="3" visitedSequencePoints="0" numBranchPoints="1" visitedBranchPoints="0" sequenceCoverage="0" branchCoverage="0" maxCyclomaticComplexity="1" minCyclomaticComplexity="1" visitedClasses="0" numClasses="0" visitedMethods="0" numMethods="1" />
              <MetadataToken>100663375</MetadataToken>
              <Name>System.Collections.Generic.ICollection`1&lt;TKey&gt; CoverageDiff.OrderedDictionary`2::System.Collections.Generic.IDictionary&lt;TKey,TValue&gt;.get_Keys()</Name>
              <FileRef uid="10" />
              <SequencePoints>
                <SequencePoint vc="0" uspid="131" ordinal="0" offset="0" sl="75" sc="17" el="75" ec="18" bec="0" bev="0" fileid="10" />
                <SequencePoint vc="0" uspid="132" ordinal="1" offset="1" sl="75" sc="19" el="75" ec="31" bec="0" bev="0" fileid="10" />
                <SequencePoint vc="0" uspid="133" ordinal="2" offset="10" sl="75" sc="32" el="75" ec="33" bec="0" bev="0" fileid="10" />
              </SequencePoints>
              <BranchPoints />
              <MethodPoint xsi:type="SequencePoint" vc="0" uspid="131" ordinal="0" offset="0" sl="75" sc="17" el="75" ec="18" bec="0" bev="0" fileid="10" />
            </Method>
            <Method visited="false" cyclomaticComplexity="1" nPathComplexity="0" sequenceCoverage="0" branchCoverage="0" isConstructor="false" isStatic="false" isGetter="true" isSetter="false">
              <Summary numSequencePoints="3" visitedSequencePoints="0" numBranchPoints="1" visitedBranchPoints="0" sequenceCoverage="0" branchCoverage="0" maxCyclomaticComplexity="1" minCyclomaticComplexity="1" visitedClasses="0" numClasses="0" visitedMethods="0" numMethods="1" />
              <MetadataToken>100663376</MetadataToken>
              <Name>System.Collections.Generic.ICollection`1&lt;TValue&gt; CoverageDiff.OrderedDictionary`2::System.Collections.Generic.IDictionary&lt;TKey,TValue&gt;.get_Values()</Name>
              <FileRef uid="10" />
              <SequencePoints>
                <SequencePoint vc="0" uspid="134" ordinal="0" offset="0" sl="80" sc="17" el="80" ec="18" bec="0" bev="0" fileid="10" />
                <SequencePoint vc="0" uspid="135" ordinal="1" offset="1" sl="80" sc="19" el="80" ec="33" bec="0" bev="0" fileid="10" />
                <SequencePoint vc="0" uspid="136" ordinal="2" offset="10" sl="80" sc="34" el="80" ec="35" bec="0" bev="0" fileid="10" />
              </SequencePoints>
              <BranchPoints />
              <MethodPoint xsi:type="SequencePoint" vc="0" uspid="134" ordinal="0" offset="0" sl="80" sc="17" el="80" ec="18" bec="0" bev="0" fileid="10" />
            </Method>
            <Method visited="false" cyclomaticComplexity="1" nPathComplexity="0" sequenceCoverage="0" branchCoverage="0" isConstructor="false" isStatic="false" isGetter="true" isSetter="false">
              <Summary numSequencePoints="3" visitedSequencePoints="0" numBranchPoints="1" visitedBranchPoints="0" sequenceCoverage="0" branchCoverage="0" maxCyclomaticComplexity="1" minCyclomaticComplexity="1" visitedClasses="0" numClasses="0" visitedMethods="0" numMethods="1" />
              <MetadataToken>100663377</MetadataToken>
              <Name>System.Int32 CoverageDiff.OrderedDictionary`2::System.Collections.Generic.ICollection&lt;System.Collections.Generic.KeyValuePair&lt;TKey,TValue&gt;&gt;.get_Count()</Name>
              <FileRef uid="10" />
              <SequencePoints>
                <SequencePoint vc="0" uspid="137" ordinal="0" offset="0" sl="85" sc="17" el="85" ec="18" bec="0" bev="0" fileid="10" />
                <SequencePoint vc="0" uspid="138" ordinal="1" offset="1" sl="85" sc="19" el="85" ec="48" bec="0" bev="0" fileid="10" />
                <SequencePoint vc="0" uspid="139" ordinal="2" offset="15" sl="85" sc="49" el="85" ec="50" bec="0" bev="0" fileid="10" />
              </SequencePoints>
              <BranchPoints />
              <MethodPoint xsi:type="SequencePoint" vc="0" uspid="137" ordinal="0" offset="0" sl="85" sc="17" el="85" ec="18" bec="0" bev="0" fileid="10" />
            </Method>
            <Method visited="false" cyclomaticComplexity="1" nPathComplexity="0" sequenceCoverage="0" branchCoverage="0" isConstructor="false" isStatic="false" isGetter="true" isSetter="false">
              <Summary numSequencePoints="3" visitedSequencePoints="0" numBranchPoints="1" visitedBranchPoints="0" sequenceCoverage="0" branchCoverage="0" maxCyclomaticComplexity="1" minCyclomaticComplexity="1" visitedClasses="0" numClasses="0" visitedMethods="0" numMethods="1" />
              <MetadataToken>100663378</MetadataToken>
              <Name>System.Boolean CoverageDiff.OrderedDictionary`2::System.Collections.Generic.ICollection&lt;System.Collections.Generic.KeyValuePair&lt;TKey,TValue&gt;&gt;.get_IsReadOnly()</Name>
              <FileRef uid="10" />
              <SequencePoints>
                <SequencePoint vc="0" uspid="140" ordinal="0" offset="0" sl="90" sc="17" el="90" ec="18" bec="0" bev="0" fileid="10" />
                <SequencePoint vc="0" uspid="141" ordinal="1" offset="1" sl="90" sc="19" el="90" ec="32" bec="0" bev="0" fileid="10" />
                <SequencePoint vc="0" uspid="142" ordinal="2" offset="5" sl="90" sc="33" el="90" ec="34" bec="0" bev="0" fileid="10" />
              </SequencePoints>
              <BranchPoints />
              <MethodPoint xsi:type="SequencePoint" vc="0" uspid="140" ordinal="0" offset="0" sl="90" sc="17" el="90" ec="18" bec="0" bev="0" fileid="10" />
            </Method>
            <Method visited="false" cyclomaticComplexity="1" nPathComplexity="0" sequenceCoverage="0" branchCoverage="0" isConstructor="false" isStatic="false" isGetter="true" isSetter="false">
              <Summary numSequencePoints="3" visitedSequencePoints="0" numBranchPoints="1" visitedBranchPoints="0" sequenceCoverage="0" branchCoverage="0" maxCyclomaticComplexity="1" minCyclomaticComplexity="1" visitedClasses="0" numClasses="0" visitedMethods="0" numMethods="1" />
              <MetadataToken>100663379</MetadataToken>
              <Name>System.Collections.ICollection CoverageDiff.OrderedDictionary`2::System.Collections.IDictionary.get_Values()</Name>
              <FileRef uid="10" />
              <SequencePoints>
                <SequencePoint vc="0" uspid="143" ordinal="0" offset="0" sl="95" sc="17" el="95" ec="18" bec="0" bev="0" fileid="10" />
                <SequencePoint vc="0" uspid="144" ordinal="1" offset="1" sl="95" sc="19" el="95" ec="51" bec="0" bev="0" fileid="10" />
                <SequencePoint vc="0" uspid="145" ordinal="2" offset="15" sl="95" sc="52" el="95" ec="53" bec="0" bev="0" fileid="10" />
              </SequencePoints>
              <BranchPoints />
              <MethodPoint xsi:type="SequencePoint" vc="0" uspid="143" ordinal="0" offset="0" sl="95" sc="17" el="95" ec="18" bec="0" bev="0" fileid="10" />
            </Method>
            <Method visited="false" cyclomaticComplexity="1" nPathComplexity="0" sequenceCoverage="0" branchCoverage="0" isConstructor="false" isStatic="false" isGetter="true" isSetter="false">
              <Summary numSequencePoints="3" visitedSequencePoints="0" numBranchPoints="1" visitedBranchPoints="0" sequenceCoverage="0" branchCoverage="0" maxCyclomaticComplexity="1" minCyclomaticComplexity="1" visitedClasses="0" numClasses="0" visitedMethods="0" numMethods="1" />
              <MetadataToken>100663380</MetadataToken>
              <Name>System.Boolean CoverageDiff.OrderedDictionary`2::System.Collections.IDictionary.get_IsFixedSize()</Name>
              <FileRef uid="10" />
              <SequencePoints>
                <SequencePoint vc="0" uspid="146" ordinal="0" offset="0" sl="100" sc="17" el="100" ec="18" bec="0" bev="0" fileid="10" />
                <SequencePoint vc="0" uspid="147" ordinal="1" offset="1" sl="100" sc="19" el="100" ec="32" bec="0" bev="0" fileid="10" />
                <SequencePoint vc="0" uspid="148" ordinal="2" offset="5" sl="100" sc="33" el="100" ec="34" bec="0" bev="0" fileid="10" />
              </SequencePoints>
              <BranchPoints />
              <MethodPoint xsi:type="SequencePoint" vc="0" uspid="146" ordinal="0" offset="0" sl="100" sc="17" el="100" ec="18" bec="0" bev="0" fileid="10" />
            </Method>
            <Method visited="false" cyclomaticComplexity="1" nPathComplexity="0" sequenceCoverage="0" branchCoverage="0" isConstructor="false" isStatic="false" isGetter="true" isSetter="false">
              <Summary numSequencePoints="3" visitedSequencePoints="0" numBranchPoints="1" visitedBranchPoints="0" sequenceCoverage="0" branchCoverage="0" maxCyclomaticComplexity="1" minCyclomaticComplexity="1" visitedClasses="0" numClasses="0" visitedMethods="0" numMethods="1" />
              <MetadataToken>100663381</MetadataToken>
              <Name>System.Boolean CoverageDiff.OrderedDictionary`2::System.Collections.IDictionary.get_IsReadOnly()</Name>
              <FileRef uid="10" />
              <SequencePoints>
                <SequencePoint vc="0" uspid="149" ordinal="0" offset="0" sl="105" sc="17" el="105" ec="18" bec="0" bev="0" fileid="10" />
                <SequencePoint vc="0" uspid="150" ordinal="1" offset="1" sl="105" sc="19" el="105" ec="32" bec="0" bev="0" fileid="10" />
                <SequencePoint vc="0" uspid="151" ordinal="2" offset="5" sl="105" sc="33" el="105" ec="34" bec="0" bev="0" fileid="10" />
              </SequencePoints>
              <BranchPoints />
              <MethodPoint xsi:type="SequencePoint" vc="0" uspid="149" ordinal="0" offset="0" sl="105" sc="17" el="105" ec="18" bec="0" bev="0" fileid="10" />
            </Method>
            <Method visited="false" cyclomaticComplexity="1" nPathComplexity="0" sequenceCoverage="0" branchCoverage="0" isConstructor="false" isStatic="false" isGetter="true" isSetter="false">
              <Summary numSequencePoints="3" visitedSequencePoints="0" numBranchPoints="1" visitedBranchPoints="0" sequenceCoverage="0" branchCoverage="0" maxCyclomaticComplexity="1" minCyclomaticComplexity="1" visitedClasses="0" numClasses="0" visitedMethods="0" numMethods="1" />
              <MetadataToken>100663382</MetadataToken>
              <Name>System.Collections.ICollection CoverageDiff.OrderedDictionary`2::System.Collections.IDictionary.get_Keys()</Name>
              <FileRef uid="10" />
              <SequencePoints>
                <SequencePoint vc="0" uspid="152" ordinal="0" offset="0" sl="110" sc="17" el="110" ec="18" bec="0" bev="0" fileid="10" />
[...]
                <SequencePoint vc="4" uspid="574" ordinal="3" offset="14" sl="40" sc="13" el="40" ec="30" bec="0" bev="0" fileid="20" />
                <SequencePoint vc="4" uspid="575" ordinal="4" offset="16" sl="41" sc="13" el="41" ec="49" bec="0" bev="0" fileid="20" />
                <SequencePoint vc="4" uspid="576" ordinal="5" offset="22" sl="42" sc="13" el="42" ec="20" bec="0" bev="0" fileid="20" />
                <SequencePoint vc="4" uspid="577" ordinal="6" offset="23" sl="42" sc="34" el="42" ec="39" bec="0" bev="0" fileid="20" />
                <SequencePoint vc="78" uspid="578" ordinal="7" offset="34" sl="42" sc="22" el="42" ec="30" bec="0" bev="0" fileid="20" />
                <SequencePoint vc="78" uspid="579" ordinal="8" offset="41" sl="43" sc="13" el="43" ec="14" bec="0" bev="0" fileid="20" />
                <SequencePoint vc="78" uspid="580" ordinal="9" offset="42" sl="44" sc="17" el="44" ec="43" bec="5" bev="5" fileid="20" />
                <SequencePoint vc="4" uspid="581" ordinal="10" offset="86" sl="47" sc="25" el="47" ec="68" bec="0" bev="0" fileid="20" />
                <SequencePoint vc="4" uspid="582" ordinal="11" offset="104" sl="48" sc="25" el="48" ec="38" bec="0" bev="0" fileid="20" />
                <SequencePoint vc="4" uspid="583" ordinal="12" offset="106" sl="49" sc="25" el="49" ec="31" bec="0" bev="0" fileid="20" />
                <SequencePoint vc="9" uspid="584" ordinal="13" offset="111" sl="52" sc="25" el="52" ec="99" bec="0" bev="0" fileid="20" />
                <SequencePoint vc="9" uspid="585" ordinal="14" offset="118" sl="53" sc="25" el="53" ec="62" bec="0" bev="0" fileid="20" />
                <SequencePoint vc="9" uspid="586" ordinal="15" offset="129" sl="54" sc="25" el="54" ec="44" bec="2" bev="1" fileid="20" />
                <SequencePoint vc="0" uspid="587" ordinal="16" offset="145" sl="55" sc="25" el="55" ec="26" bec="0" bev="0" fileid="20" />
                <SequencePoint vc="0" uspid="588" ordinal="17" offset="146" sl="56" sc="29" el="56" ec="92" bec="0" bev="0" fileid="20" />
                <SequencePoint vc="9" uspid="589" ordinal="18" offset="164" sl="59" sc="25" el="59" ec="77" bec="0" bev="0" fileid="20" />
                <SequencePoint vc="9" uspid="590" ordinal="19" offset="192" sl="60" sc="25" el="60" ec="31" bec="0" bev="0" fileid="20" />
                <SequencePoint vc="27" uspid="591" ordinal="20" offset="194" sl="62" sc="25" el="62" ec="36" bec="0" bev="0" fileid="20" />
                <SequencePoint vc="27" uspid="592" ordinal="21" offset="198" sl="63" sc="25" el="63" ec="31" bec="0" bev="0" fileid="20" />
                <SequencePoint vc="14" uspid="593" ordinal="22" offset="200" sl="65" sc="25" el="70" ec="28" bec="0" bev="0" fileid="20" />
                <SequencePoint vc="14" uspid="594" ordinal="23" offset="243" sl="71" sc="25" el="71" ec="36" bec="0" bev="0" fileid="20" />
                <SequencePoint vc="14" uspid="595" ordinal="24" offset="247" sl="72" sc="25" el="72" ec="31" bec="0" bev="0" fileid="20" />
                <SequencePoint vc="24" uspid="596" ordinal="25" offset="249" sl="74" sc="25" el="74" ec="31" bec="0" bev="0" fileid="20" />
                <SequencePoint vc="78" uspid="597" ordinal="26" offset="251" sl="76" sc="13" el="76" ec="14" bec="0" bev="0" fileid="20" />
                <SequencePoint vc="82" uspid="598" ordinal="27" offset="258" sl="42" sc="31" el="42" ec="33" bec="0" bev="0" fileid="20" />
                <SequencePoint vc="4" uspid="599" ordinal="28" offset="269" sl="78" sc="13" el="78" ec="27" bec="0" bev="0" fileid="20" />
                <SequencePoint vc="4" uspid="600" ordinal="29" offset="274" sl="79" sc="9" el="79" ec="10" bec="0" bev="0" fileid="20" />
              </SequencePoints>
              <BranchPoints>
                <BranchPoint vc="14" uspid="601" ordinal="0" offset="56" sl="44" path="0" offsetchain="81 249" offsetend="251" fileid="20" />
                <BranchPoint vc="4" uspid="602" ordinal="1" offset="56" sl="44" path="1" offsetend="86" fileid="20" />
                <BranchPoint vc="9" uspid="603" ordinal="2" offset="56" sl="44" path="2" offsetend="111" fileid="20" />
                <BranchPoint vc="27" uspid="604" ordinal="3" offset="56" sl="44" path="3" offsetend="194" fileid="20" />
                <BranchPoint vc="24" uspid="605" ordinal="4" offset="56" sl="44" path="4" offsetchain="249" offsetend="251" fileid="20" />
                <BranchPoint vc="14" uspid="606" ordinal="5" offset="56" sl="44" path="5" offsetend="200" fileid="20" />
                <BranchPoint vc="0" uspid="607" ordinal="6" offset="143" sl="54" path="0" offsetend="145" fileid="20" />
                <BranchPoint vc="9" uspid="608" ordinal="7" offset="143" sl="54" path="1" offsetend="164" fileid="20" />
              </BranchPoints>
              <MethodPoint xsi:type="SequencePoint" vc="4" uspid="571" ordinal="0" offset="0" sl="37" sc="9" el="37" ec="10" bec="0" bev="0" fileid="20" />
            </Method>
            <Method visited="true" cyclomaticComplexity="1" nPathComplexity="0" sequenceCoverage="100" branchCoverage="100" isConstructor="false" isStatic="false" isGetter="false" isSetter="false">
              <Summary numSequencePoints="1" visitedSequencePoints="1" numBranchPoints="1" visitedBranchPoints="1" sequenceCoverage="100" branchCoverage="100" maxCyclomaticComplexity="1" minCyclomaticComplexity="1" visitedClasses="0" numClasses="0" visitedMethods="1" numMethods="1" />
              <MetadataToken>100663447</MetadataToken>
              <Name>CoverageDiff.UnifiedDiffFileReader/LineType CoverageDiff.UnifiedDiffFileReader::GetLineType(System.String)</Name>
              <FileRef uid="20" />
              <SequencePoints>
                <SequencePoint vc="78" uspid="611" ordinal="0" offset="13" sl="82" sc="16" el="82" ec="67" bec="0" bev="0" fileid="20" />
              </SequencePoints>
              <BranchPoints />
              <MethodPoint vc="78" uspid="612" ordinal="0" offset="0" />
            </Method>
            <Method visited="true" cyclomaticComplexity="1" nPathComplexity="0" sequenceCoverage="100" branchCoverage="100" isConstructor="true" isStatic="false" isGetter="false" isSetter="false">
              <Summary numSequencePoints="1" visitedSequencePoints="1" numBranchPoints="1" visitedBranchPoints="1" sequenceCoverage="100" branchCoverage="100" maxCyclomaticComplexity="1" minCyclomaticComplexity="1" visitedClasses="0" numClasses="0" visitedMethods="1" numMethods="1" />
              <MetadataToken>100663448</MetadataToken>
              <Name>System.Void CoverageDiff.UnifiedDiffFileReader::.ctor()</Name>
              <FileRef uid="20" />
              <SequencePoints>
                <SequencePoint vc="4" uspid="613" ordinal="0" offset="0" sl="34" sc="47" el="34" ec="68" bec="0" bev="0" fileid="20" />
              </SequencePoints>
              <BranchPoints />
              <MethodPoint xsi:type="SequencePoint" vc="4" uspid="613" ordinal="0" offset="0" sl="34" sc="47" el="34" ec="68" bec="0" bev="0" fileid="20" />
            </Method>
            <Method visited="true" cyclomaticComplexity="1" nPathComplexity="0" sequenceCoverage="100" branchCoverage="100" isConstructor="true" isStatic="true" isGetter="false" isSetter="false">
              <Summary numSequencePoints="1" visitedSequencePoints="1" numBranchPoints="1" visitedBranchPoints="1" sequenceCoverage="100" branchCoverage="100" maxCyclomaticComplexity="1" minCyclomaticComplexity="1" visitedClasses="0" numClasses="0" visitedMethods="1" numMethods="1" />
              <MetadataToken>100663449</MetadataToken>
              <Name>System.Void CoverageDiff.UnifiedDiffFileReader::.cctor()</Name>
              <FileRef uid="20" />
              <SequencePoints>
                <SequencePoint vc="1" uspid="614" ordinal="0" offset="0" sl="12" sc="9" el="21" ec="11" bec="0" bev="0" fileid="20" />
              </SequencePoints>
              <BranchPoints />
              <MethodPoint xsi:type="SequencePoint" vc="1" uspid="614" ordinal="0" offset="0" sl="12" sc="9" el="21" ec="11" bec="0" bev="0" fileid="20" />
            </Method>
          </Methods>
        </Class>
        <Class>
          <Summary numSequencePoints="1" visitedSequencePoints="1" numBranchPoints="1" visitedBranchPoints="1" sequenceCoverage="100" branchCoverage="100" maxCyclomaticComplexity="1" minCyclomaticComplexity="1" visitedClasses="1" numClasses="1" visitedMethods="1" numMethods="1" />
          <FullName>CoverageDiff.UnifiedDiffFileReader/&lt;&gt;c__DisplayClass6_0</FullName>
          <Methods>
            <Method visited="true" cyclomaticComplexity="1" nPathComplexity="0" sequenceCoverage="0" branchCoverage="0" isConstructor="true" isStatic="false" isGetter="false" isSetter="false">
              <Summary numSequencePoints="0" visitedSequencePoints="0" numBranchPoints="0" visitedBranchPoints="0" sequenceCoverage="0" branchCoverage="0" maxCyclomaticComplexity="1" minCyclomaticComplexity="1" visitedClasses="0" numClasses="0" visitedMethods="0" numMethods="0" />
              <MetadataToken>100663481</MetadataToken>
              <Name>System.Void CoverageDiff.UnifiedDiffFileReader/&lt;&gt;c__DisplayClass6_0::.ctor()</Name>
              <SequencePoints />
              <BranchPoints />
              <MethodPoint vc="78" uspid="615" ordinal="0" offset="0" />
            </Method>
            <Method visited="true" cyclomaticComplexity="1" nPathComplexity="0" sequenceCoverage="100" branchCoverage="100" isConstructor="false" isStatic="false" isGetter="false" isSetter="false">
              <Summary numSequencePoints="1" visitedSequencePoints="1" numBranchPoints="1" visitedBranchPoints="1" sequenceCoverage="100" branchCoverage="100" maxCyclomaticComplexity="1" minCyclomaticComplexity="1" visitedClasses="0" numClasses="0" visitedMethods="1" numMethods="1" />
              <MetadataToken>100663482</MetadataToken>
              <Name>System.Boolean CoverageDiff.UnifiedDiffFileReader/&lt;&gt;c__DisplayClass6_0::&lt;GetLineType&gt;b__0(System.Collections.Generic.KeyValuePair`2&lt;CoverageDiff.UnifiedDiffFileReader/LineType,System.Func`2&lt;System.String,System.Boolean&gt;&gt;)</Name>
              <FileRef uid="20" />
              <SequencePoints>
                <SequencePoint vc="337" uspid="616" ordinal="0" offset="0" sl="82" sc="49" el="82" ec="62" bec="0" bev="0" fileid="20" />
              </SequencePoints>
              <BranchPoints />
              <MethodPoint xsi:type="SequencePoint" vc="337" uspid="616" ordinal="0" offset="0" sl="82" sc="49" el="82" ec="62" bec="0" bev="0" fileid="20" />
            </Method>
          </Methods>
        </Class>
        <Class>
          <Summary numSequencePoints="6" visitedSequencePoints="6" numBranchPoints="6" visitedBranchPoints="6" sequenceCoverage="100" branchCoverage="100" maxCyclomaticComplexity="1" minCyclomaticComplexity="1" visitedClasses="1" numClasses="1" visitedMethods="6" numMethods="6" />
          <FullName>CoverageDiff.UnifiedDiffFileReader/&lt;&gt;c</FullName>
          <Methods>
            <Method visited="true" cyclomaticComplexity="1" nPathComplexity="0" sequenceCoverage="0" branchCoverage="0" isConstructor="true" isStatic="true" isGetter="false" isSetter="false">
              <Summary numSequencePoints="0" visitedSequencePoints="0" numBranchPoints="0" visitedBranchPoints="0" sequenceCoverage="0" branchCoverage="0" maxCyclomaticComplexity="1" minCyclomaticComplexity="1" visitedClasses="0" numClasses="0" visitedMethods="0" numMethods="0" />
              <MetadataToken>100663483</MetadataToken>
              <Name>System.Void CoverageDiff.UnifiedDiffFileReader/&lt;&gt;c::.cctor()</Name>
              <SequencePoints />
              <BranchPoints />
              <MethodPoint vc="1" uspid="617" ordinal="0" offset="0" />
            </Method>
            <Method visited="true" cyclomaticComplexity="1" nPathComplexity="0" sequenceCoverage="0" branchCoverage="0" isConstructor="true" isStatic="false" isGetter="false" isSetter="false">
              <Summary numSequencePoints="0" visitedSequencePoints="0" numBranchPoints="0" visitedBranchPoints="0" sequenceCoverage="0" branchCoverage="0" maxCyclomaticComplexity="1" minCyclomaticComplexity="1" visitedClasses="0" numClasses="0" visitedMethods="0" numMethods="0" />
              <MetadataToken>100663484</MetadataToken>
              <Name>System.Void CoverageDiff.UnifiedDiffFileReader/&lt;&gt;c::.ctor()</Name>
              <SequencePoints />
              <BranchPoints />
              <MethodPoint vc="1" uspid="618" ordinal="0" offset="0" />
            </Method>
            <Method visited="true" cyclomaticComplexity="1" nPathComplexity="0" sequenceCoverage="100" branchCoverage="100" isConstructor="false" isStatic="false" isGetter="false" isSetter="false">
              <Summary numSequencePoints="1" visitedSequencePoints="1" numBranchPoints="1" visitedBranchPoints="1" sequenceCoverage="100" branchCoverage="100" maxCyclomaticComplexity="1" minCyclomaticComplexity="1" visitedClasses="0" numClasses="0" visitedMethods="1" numMethods="1" />
              <MetadataToken>100663485</MetadataToken>
              <Name>System.Boolean CoverageDiff.UnifiedDiffFileReader/&lt;&gt;c::&lt;.cctor&gt;b__8_0(System.String)</Name>
              <FileRef uid="20" />
              <SequencePoints>
                <SequencePoint vc="78" uspid="619" ordinal="0" offset="0" sl="15" sc="35" el="15" ec="56" bec="0" bev="0" fileid="20" />
              </SequencePoints>
              <BranchPoints />
              <MethodPoint xsi:type="SequencePoint" vc="78" uspid="619" ordinal="0" offset="0" sl="15" sc="35" el="15" ec="56" bec="0" bev="0" fileid="20" />
            </Method>
            <Method visited="true" cyclomaticComplexity="1" nPathComplexity="0" sequenceCoverage="100" branchCoverage="100" isConstructor="false" isStatic="false" isGetter="false" isSetter="false">
              <Summary numSequencePoints="1" visitedSequencePoints="1" numBranchPoints="1" visitedBranchPoints="1" sequenceCoverage="100" branchCoverage="100" maxCyclomaticComplexity="1" minCyclomaticComplexity="1" visitedClasses="0" numClasses="0" visitedMethods="1" numMethods="1" />
              <MetadataToken>100663486</MetadataToken>
              <Name>System.Boolean CoverageDiff.UnifiedDiffFileReader/&lt;&gt;c::&lt;.cctor&gt;b__8_1(System.String)</Name>
              <FileRef uid="20" />
              <SequencePoints>
                <SequencePoint vc="74" uspid="620" ordinal="0" offset="0" sl="16" sc="32" el="16" ec="53" bec="0" bev="0" fileid="20" />
              </SequencePoints>
              <BranchPoints />
              <MethodPoint xsi:type="SequencePoint" vc="74" uspid="620" ordinal="0" offset="0" sl="16" sc="32" el="16" ec="53" bec="0" bev="0" fileid="20" />
            </Method>
            <Method visited="true" cyclomaticComplexity="1" nPathComplexity="0" sequenceCoverage="100" branchCoverage="100" isConstructor="false" isStatic="false" isGetter="false" isSetter="false">
              <Summary numSequencePoints="1" visitedSequencePoints="1" numBranchPoints="1" visitedBranchPoints="1" sequenceCoverage="100" branchCoverage="100" maxCyclomaticComplexity="1" minCyclomaticComplexity="1" visitedClasses="0" numClasses="0" visitedMethods="1" numMethods="1" />
              <MetadataToken>100663487</MetadataToken>
              <Name>System.Boolean CoverageDiff.UnifiedDiffFileReader/&lt;&gt;c::&lt;.cctor&gt;b__8_2(System.String)</Name>
              <FileRef uid="20" />
              <SequencePoints>
                <SequencePoint vc="70" uspid="621" ordinal="0" offset="0" sl="17" sc="33" el="17" ec="53" bec="0" bev="0" fileid="20" />
              </SequencePoints>
              <BranchPoints />
              <MethodPoint xsi:type="SequencePoint" vc="70" uspid="621" ordinal="0" offset="0" sl="17" sc="33" el="17" ec="53" bec="0" bev="0" fileid="20" />
            </Method>
            <Method visited="true" cyclomaticComplexity="1" nPathComplexity="0" sequenceCoverage="100" branchCoverage="100" isConstructor="false" isStatic="false" isGetter="false" isSetter="false">
              <Summary numSequencePoints="1" visitedSequencePoints="1" numBranchPoints="1" visitedBranchPoints="1" sequenceCoverage="100" branchCoverage="100" maxCyclomaticComplexity="1" minCyclomaticComplexity="1" visitedClasses="0" numClasses="0" visitedMethods="1" numMethods="1" />
              <MetadataToken>100663488</MetadataToken>
              <Name>System.Boolean CoverageDiff.UnifiedDiffFileReader/&lt;&gt;c::&lt;.cctor&gt;b__8_3(System.String)</Name>
              <FileRef uid="20" />
              <SequencePoints>
                <SequencePoint vc="61" uspid="622" ordinal="0" offset="0" sl="18" sc="36" el="18" ec="55" bec="0" bev="0" fileid="20" />
              </SequencePoints>
              <BranchPoints />
              <MethodPoint xsi:type="SequencePoint" vc="61" uspid="622" ordinal="0" offset="0" sl="18" sc="36" el="18" ec="55" bec="0" bev="0" fileid="20" />
            </Method>
            <Method visited="true" cyclomaticComplexity="1" nPathComplexity="0" sequenceCoverage="100" branchCoverage="100" isConstructor="false" isStatic="false" isGetter="false" isSetter="false">
              <Summary numSequencePoints="1" visitedSequencePoints="1" numBranchPoints="1" visitedBranchPoints="1" sequenceCoverage="100" branchCoverage="100" maxCyclomaticComplexity="1" minCyclomaticComplexity="1" visitedClasses="0" numClasses="0" visitedMethods="1" numMethods="1" />
              <MetadataToken>100663489</MetadataToken>
              <Name>System.Boolean CoverageDiff.UnifiedDiffFileReader/&lt;&gt;c::&lt;.cctor&gt;b__8_4(System.String)</Name>
              <FileRef uid="20" />
              <SequencePoints>
                <SequencePoint vc="34" uspid="623" ordinal="0" offset="0" sl="19" sc="32" el="19" ec="51" bec="0" bev="0" fileid="20" />
              </SequencePoints>
              <BranchPoints />
              <MethodPoint xsi:type="SequencePoint" vc="34" uspid="623" ordinal="0" offset="0" sl="19" sc="32" el="19" ec="51" bec="0" bev="0" fileid="20" />
            </Method>
            <Method visited="true" cyclomaticComplexity="1" nPathComplexity="0" sequenceCoverage="100" branchCoverage="100" isConstructor="false" isStatic="false" isGetter="false" isSetter="false">
              <Summary numSequencePoints="1" visitedSequencePoints="1" numBranchPoints="1" visitedBranchPoints="1" sequenceCoverage="100" branchCoverage="100" maxCyclomaticComplexity="1" minCyclomaticComplexity="1" visitedClasses="0" numClasses="0" visitedMethods="1" numMethods="1" />
              <MetadataToken>100663490</MetadataToken>
              <Name>System.Boolean CoverageDiff.UnifiedDiffFileReader/&lt;&gt;c::&lt;.cctor&gt;b__8_5(System.String)</Name>
              <FileRef uid="20" />
              <SequencePoints>
                <SequencePoint vc="20" uspid="624" ordinal="0" offset="0" sl="20" sc="35" el="20" ec="54" bec="0" bev="0" fileid="20" />
              </SequencePoints>
              <BranchPoints />
              <MethodPoint xsi:type="SequencePoint" vc="20" uspid="624" ordinal="0" offset="0" sl="20" sc="35" el="20" ec="54" bec="0" bev="0" fileid="20" />
            </Method>
          </Methods>
        </Class>
      </Classes>
      <TrackedMethods />
    </Module>
    <Module skippedDueTo="Filter" hash="07-45-D5-E5-64-A5-50-1F-70-A0-AC-85-75-89-96-B5-69-A5-81-0F">
      <ModulePath>C:\Users\SESA96042\AppData\Local\Temp\102d9b4a-5d6d-4ca1-8f8c-8ed03def2788\102d9b4a-5d6d-4ca1-8f8c-8ed03def2788\assembly\dl3\6158792f\00e83850_fff8d001\xunit.assert.dll</ModulePath>
      <ModuleTime>2017-01-02T04:01:41.5920971Z</ModuleTime>
      <ModuleName>xunit.assert</ModuleName>
      <Classes />
    </Module>
  </Modules>
</CoverageSession>